{"D:\\personal\\front-end\\project\\ying-datastructures-algorithms\\src\\ts\\node.ts": {"path":"D:\\personal\\front-end\\project\\ying-datastructures-algorithms\\src\\ts\\node.ts","statementMap":{"0":{"start":{"line":2,"column":23},"end":{"line":2,"column":33}},"1":{"start":{"line":2,"column":42},"end":{"line":2,"column":58}},"2":{"start":{"line":3,"column":8},"end":{"line":3,"column":31}},"3":{"start":{"line":4,"column":8},"end":{"line":4,"column":25}},"4":{"start":{"line":1,"column":0},"end":{"line":1,"column":13}},"5":{"start":{"line":14,"column":8},"end":{"line":14,"column":29}},"6":{"start":{"line":10,"column":15},"end":{"line":10,"column":25}},"7":{"start":{"line":11,"column":15},"end":{"line":11,"column":32}},"8":{"start":{"line":12,"column":15},"end":{"line":12,"column":32}},"9":{"start":{"line":15,"column":8},"end":{"line":15,"column":31}},"10":{"start":{"line":16,"column":8},"end":{"line":16,"column":25}},"11":{"start":{"line":17,"column":8},"end":{"line":17,"column":25}},"12":{"start":{"line":8,"column":0},"end":{"line":8,"column":13}},"13":{"start":{"line":24,"column":23},"end":{"line":24,"column":29}},"14":{"start":{"line":25,"column":8},"end":{"line":25,"column":23}},"15":{"start":{"line":29,"column":8},"end":{"line":29,"column":29}},"16":{"start":{"line":21,"column":0},"end":{"line":21,"column":13}}},"fnMap":{"0":{"name":"(anonymous_0)","decl":{"start":{"line":2,"column":4},"end":{"line":2,"column":23}},"loc":{"start":{"line":2,"column":58},"end":{"line":5,"column":5}}},"1":{"name":"(anonymous_1)","decl":{"start":{"line":9,"column":4},"end":{"line":9,"column":null}},"loc":{"start":{"line":12,"column":32},"end":{"line":18,"column":5}}},"2":{"name":"(anonymous_2)","decl":{"start":{"line":24,"column":4},"end":{"line":24,"column":23}},"loc":{"start":{"line":24,"column":29},"end":{"line":26,"column":5}}},"3":{"name":"(anonymous_3)","decl":{"start":{"line":28,"column":4},"end":{"line":28,"column":12}},"loc":{"start":{"line":28,"column":12},"end":{"line":30,"column":5}}}},"branchMap":{},"s":{"0":39,"1":39,"2":39,"3":39,"4":3,"5":19,"6":19,"7":19,"8":19,"9":19,"10":19,"11":19,"12":3,"13":0,"14":0,"15":0,"16":3},"f":{"0":39,"1":19,"2":0,"3":0},"b":{}}
,"D:\\personal\\front-end\\project\\ying-datastructures-algorithms\\src\\ts\\utils.ts": {"path":"D:\\personal\\front-end\\project\\ying-datastructures-algorithms\\src\\ts\\utils.ts","statementMap":{"0":{"start":{"line":7,"column":13},"end":{"line":7,"column":33}},"1":{"start":{"line":8,"column":0},"end":{"line":8,"column":null}},"2":{"start":{"line":9,"column":4},"end":{"line":9,"column":null}},"3":{"start":{"line":10,"column":4},"end":{"line":10,"column":null}},"4":{"start":{"line":11,"column":4},"end":{"line":11,"column":null}},"5":{"start":{"line":13,"column":13},"end":{"line":16,"column":2}},"6":{"start":{"line":14,"column":17},"end":{"line":14,"column":32}},"7":{"start":{"line":15,"column":4},"end":{"line":15,"column":65}},"8":{"start":{"line":17,"column":13},"end":{"line":20,"column":2}},"9":{"start":{"line":18,"column":17},"end":{"line":18,"column":32}},"10":{"start":{"line":19,"column":4},"end":{"line":19,"column":67}},"11":{"start":{"line":21,"column":13},"end":{"line":26,"column":2}},"12":{"start":{"line":22,"column":4},"end":{"line":24,"column":null}},"13":{"start":{"line":23,"column":8},"end":{"line":23,"column":30}},"14":{"start":{"line":25,"column":4},"end":{"line":25,"column":59}},"15":{"start":{"line":27,"column":13},"end":{"line":29,"column":2}},"16":{"start":{"line":28,"column":4},"end":{"line":28,"column":19}},"17":{"start":{"line":30,"column":13},"end":{"line":39,"column":2}},"18":{"start":{"line":31,"column":4},"end":{"line":37,"column":null}},"19":{"start":{"line":32,"column":8},"end":{"line":32,"column":22}},"20":{"start":{"line":33,"column":11},"end":{"line":37,"column":null}},"21":{"start":{"line":34,"column":8},"end":{"line":34,"column":27}},"22":{"start":{"line":35,"column":11},"end":{"line":37,"column":null}},"23":{"start":{"line":36,"column":8},"end":{"line":36,"column":25}},"24":{"start":{"line":38,"column":4},"end":{"line":38,"column":27}},"25":{"start":{"line":40,"column":13},"end":{"line":42,"column":2}},"26":{"start":{"line":41,"column":4},"end":{"line":41,"column":48}},"27":{"start":{"line":43,"column":13},"end":{"line":45,"column":52}},"28":{"start":{"line":45,"column":26},"end":{"line":45,"column":51}},"29":{"start":{"line":45,"column":36},"end":{"line":45,"column":51}},"30":{"start":{"line":46,"column":13},"end":{"line":46,"column":76}},"31":{"start":{"line":46,"column":54},"end":{"line":46,"column":75}},"32":{"start":{"line":47,"column":13},"end":{"line":47,"column":55}},"33":{"start":{"line":48,"column":13},"end":{"line":48,"column":55}},"34":{"start":{"line":49,"column":13},"end":{"line":55,"column":2}},"35":{"start":{"line":56,"column":13},"end":{"line":62,"column":2}}},"fnMap":{"0":{"name":"(anonymous_0)","decl":{"start":{"line":8,"column":0},"end":{"line":8,"column":12}},"loc":{"start":{"line":8,"column":19},"end":{"line":12,"column":1}}},"1":{"name":"(anonymous_1)","decl":{"start":{"line":13,"column":28},"end":{"line":13,"column":32}},"loc":{"start":{"line":13,"column":78},"end":{"line":16,"column":1}}},"2":{"name":"(anonymous_2)","decl":{"start":{"line":17,"column":28},"end":{"line":17,"column":32}},"loc":{"start":{"line":17,"column":78},"end":{"line":20,"column":1}}},"3":{"name":"(anonymous_3)","decl":{"start":{"line":21,"column":30},"end":{"line":21,"column":34}},"loc":{"start":{"line":21,"column":56},"end":{"line":26,"column":1}}},"4":{"name":"(anonymous_4)","decl":{"start":{"line":27,"column":29},"end":{"line":27,"column":33}},"loc":{"start":{"line":27,"column":56},"end":{"line":29,"column":1}}},"5":{"name":"(anonymous_5)","decl":{"start":{"line":30,"column":31},"end":{"line":30,"column":32}},"loc":{"start":{"line":30,"column":53},"end":{"line":39,"column":1}}},"6":{"name":"(anonymous_6)","decl":{"start":{"line":40,"column":20},"end":{"line":40,"column":21}},"loc":{"start":{"line":40,"column":59},"end":{"line":42,"column":1}}},"7":{"name":"(anonymous_7)","decl":{"start":{"line":43,"column":30},"end":{"line":43,"column":null}},"loc":{"start":{"line":45,"column":26},"end":{"line":45,"column":51}}},"8":{"name":"(anonymous_8)","decl":{"start":{"line":45,"column":26},"end":{"line":45,"column":27}},"loc":{"start":{"line":45,"column":36},"end":{"line":45,"column":51}}},"9":{"name":"(anonymous_9)","decl":{"start":{"line":46,"column":27},"end":{"line":46,"column":31}},"loc":{"start":{"line":46,"column":54},"end":{"line":46,"column":75}}}},"branchMap":{"0":{"loc":{"start":{"line":8,"column":12},"end":{"line":8,"column":19}},"type":"binary-expr","locations":[{"start":{"line":8,"column":12},"end":{"line":8,"column":19}},{"start":{"line":8,"column":12},"end":{"line":8,"column":null}}]},"1":{"loc":{"start":{"line":15,"column":11},"end":{"line":15,"column":37}},"type":"binary-expr","locations":[{"start":{"line":15,"column":11},"end":{"line":15,"column":37}},{"start":{"line":15,"column":41},"end":{"line":15,"column":64}}]},"2":{"loc":{"start":{"line":19,"column":11},"end":{"line":19,"column":39}},"type":"binary-expr","locations":[{"start":{"line":19,"column":11},"end":{"line":19,"column":39}},{"start":{"line":19,"column":43},"end":{"line":19,"column":66}}]},"3":{"loc":{"start":{"line":22,"column":4},"end":{"line":24,"column":null}},"type":"if","locations":[{"start":{"line":22,"column":4},"end":{"line":24,"column":null}},{"start":{"line":22,"column":4},"end":{"line":24,"column":null}}]},"4":{"loc":{"start":{"line":25,"column":19},"end":{"line":25,"column":36}},"type":"cond-expr","locations":[{"start":{"line":25,"column":19},"end":{"line":25,"column":36}},{"start":{"line":25,"column":39},"end":{"line":25,"column":58}}]},"5":{"loc":{"start":{"line":31,"column":4},"end":{"line":37,"column":null}},"type":"if","locations":[{"start":{"line":31,"column":4},"end":{"line":37,"column":null}},{"start":{"line":31,"column":4},"end":{"line":37,"column":null}}]},"6":{"loc":{"start":{"line":33,"column":11},"end":{"line":37,"column":null}},"type":"if","locations":[{"start":{"line":33,"column":11},"end":{"line":37,"column":null}},{"start":{"line":33,"column":11},"end":{"line":37,"column":null}}]},"7":{"loc":{"start":{"line":35,"column":11},"end":{"line":37,"column":null}},"type":"if","locations":[{"start":{"line":35,"column":11},"end":{"line":37,"column":null}},{"start":{"line":35,"column":11},"end":{"line":37,"column":null}}]},"8":{"loc":{"start":{"line":35,"column":15},"end":{"line":35,"column":39}},"type":"binary-expr","locations":[{"start":{"line":35,"column":15},"end":{"line":35,"column":39}},{"start":{"line":35,"column":43},"end":{"line":35,"column":65}}]}},"s":{"0":5,"1":5,"2":5,"3":5,"4":5,"5":5,"6":0,"7":0,"8":5,"9":0,"10":0,"11":5,"12":1379,"13":137,"14":1242,"15":5,"16":0,"17":5,"18":0,"19":0,"20":0,"21":0,"22":0,"23":0,"24":0,"25":5,"26":364,"27":5,"28":0,"29":0,"30":5,"31":0,"32":5,"33":5,"34":5,"35":5},"f":{"0":5,"1":0,"2":0,"3":1379,"4":0,"5":0,"6":364,"7":0,"8":0,"9":0},"b":{"0":[5,5],"1":[0,0],"2":[0,0],"3":[137,1242],"4":[604,638],"5":[0,0],"6":[0,0],"7":[0,0],"8":[0,0]}}
,"D:\\personal\\front-end\\project\\ying-datastructures-algorithms\\src\\ts\\heap\\heap2.ts": {"path":"D:\\personal\\front-end\\project\\ying-datastructures-algorithms\\src\\ts\\heap\\heap2.ts","statementMap":{"0":{"start":{"line":2,"column":0},"end":{"line":2,"column":null}},"1":{"start":{"line":14,"column":12},"end":{"line":14,"column":62}},"2":{"start":{"line":15,"column":4},"end":{"line":15,"column":null}},"3":{"start":{"line":17,"column":8},"end":{"line":19,"column":null}},"4":{"start":{"line":18,"column":12},"end":{"line":18,"column":null}},"5":{"start":{"line":20,"column":8},"end":{"line":20,"column":null}},"6":{"start":{"line":21,"column":8},"end":{"line":21,"column":null}},"7":{"start":{"line":24,"column":8},"end":{"line":24,"column":null}},"8":{"start":{"line":28,"column":8},"end":{"line":28,"column":null}},"9":{"start":{"line":32,"column":8},"end":{"line":34,"column":null}},"10":{"start":{"line":33,"column":12},"end":{"line":33,"column":null}},"11":{"start":{"line":35,"column":8},"end":{"line":35,"column":null}},"12":{"start":{"line":39,"column":6},"end":{"line":39,"column":null}},"13":{"start":{"line":43,"column":21},"end":{"line":43,"column":41}},"14":{"start":{"line":44,"column":8},"end":{"line":44,"column":null}},"15":{"start":{"line":48,"column":21},"end":{"line":48,"column":41}},"16":{"start":{"line":49,"column":8},"end":{"line":49,"column":null}},"17":{"start":{"line":53,"column":21},"end":{"line":53,"column":41}},"18":{"start":{"line":54,"column":8},"end":{"line":54,"column":null}},"19":{"start":{"line":58,"column":21},"end":{"line":58,"column":41}},"20":{"start":{"line":59,"column":8},"end":{"line":59,"column":null}},"21":{"start":{"line":63,"column":21},"end":{"line":63,"column":41}},"22":{"start":{"line":64,"column":8},"end":{"line":64,"column":null}},"23":{"start":{"line":68,"column":21},"end":{"line":68,"column":41}},"24":{"start":{"line":69,"column":8},"end":{"line":69,"column":null}},"25":{"start":{"line":70,"column":8},"end":{"line":70,"column":null}},"26":{"start":{"line":71,"column":8},"end":{"line":71,"column":null}},"27":{"start":{"line":75,"column":33},"end":{"line":75,"column":35}},"28":{"start":{"line":76,"column":21},"end":{"line":76,"column":41}},"29":{"start":{"line":77,"column":8},"end":{"line":81,"column":null}},"30":{"start":{"line":77,"column":29},"end":{"line":77,"column":30}},"31":{"start":{"line":77,"column":46},"end":{"line":77,"column":54}},"32":{"start":{"line":78,"column":12},"end":{"line":80,"column":null}},"33":{"start":{"line":79,"column":16},"end":{"line":79,"column":null}},"34":{"start":{"line":82,"column":8},"end":{"line":82,"column":null}},"35":{"start":{"line":86,"column":6},"end":{"line":103,"column":null}},"36":{"start":{"line":86,"column":27},"end":{"line":86,"column":28}},"37":{"start":{"line":86,"column":44},"end":{"line":86,"column":78}},"38":{"start":{"line":87,"column":29},"end":{"line":87,"column":62}},"39":{"start":{"line":88,"column":21},"end":{"line":88,"column":41}},"40":{"start":{"line":89,"column":8},"end":{"line":102,"column":null}},"41":{"start":{"line":90,"column":12},"end":{"line":90,"column":null}},"42":{"start":{"line":92,"column":12},"end":{"line":92,"column":null}},"43":{"start":{"line":93,"column":31},"end":{"line":93,"column":51}},"44":{"start":{"line":94,"column":12},"end":{"line":101,"column":null}},"45":{"start":{"line":98,"column":16},"end":{"line":98,"column":null}},"46":{"start":{"line":100,"column":16},"end":{"line":100,"column":null}},"47":{"start":{"line":104,"column":6},"end":{"line":104,"column":null}},"48":{"start":{"line":108,"column":21},"end":{"line":108,"column":41}},"49":{"start":{"line":109,"column":8},"end":{"line":111,"column":null}},"50":{"start":{"line":110,"column":12},"end":{"line":110,"column":null}},"51":{"start":{"line":112,"column":8},"end":{"line":112,"column":null}},"52":{"start":{"line":116,"column":21},"end":{"line":116,"column":41}},"53":{"start":{"line":117,"column":8},"end":{"line":119,"column":null}},"54":{"start":{"line":118,"column":12},"end":{"line":118,"column":null}},"55":{"start":{"line":120,"column":8},"end":{"line":122,"column":null}},"56":{"start":{"line":121,"column":12},"end":{"line":121,"column":null}},"57":{"start":{"line":123,"column":24},"end":{"line":123,"column":28}},"58":{"start":{"line":124,"column":8},"end":{"line":124,"column":null}},"59":{"start":{"line":125,"column":8},"end":{"line":125,"column":null}},"60":{"start":{"line":126,"column":8},"end":{"line":126,"column":null}},"61":{"start":{"line":130,"column":21},"end":{"line":130,"column":41}},"62":{"start":{"line":131,"column":35},"end":{"line":131,"column":61}},"63":{"start":{"line":132,"column":8},"end":{"line":139,"column":null}},"64":{"start":{"line":137,"column":8},"end":{"line":137,"column":null}},"65":{"start":{"line":138,"column":8},"end":{"line":138,"column":null}},"66":{"start":{"line":143,"column":21},"end":{"line":143,"column":41}},"67":{"start":{"line":144,"column":35},"end":{"line":144,"column":45}},"68":{"start":{"line":145,"column":39},"end":{"line":145,"column":43}},"69":{"start":{"line":146,"column":8},"end":{"line":166,"column":null}},"70":{"start":{"line":147,"column":12},"end":{"line":156,"column":null}},"71":{"start":{"line":153,"column":16},"end":{"line":153,"column":null}},"72":{"start":{"line":155,"column":16},"end":{"line":155,"column":null}},"73":{"start":{"line":157,"column":12},"end":{"line":163,"column":null}},"74":{"start":{"line":162,"column":16},"end":{"line":162,"column":21}},"75":{"start":{"line":164,"column":12},"end":{"line":164,"column":null}},"76":{"start":{"line":165,"column":12},"end":{"line":165,"column":null}},"77":{"start":{"line":170,"column":8},"end":{"line":170,"column":null}},"78":{"start":{"line":174,"column":21},"end":{"line":174,"column":41}},"79":{"start":{"line":175,"column":8},"end":{"line":175,"column":null}},"80":{"start":{"line":179,"column":21},"end":{"line":179,"column":41}},"81":{"start":{"line":180,"column":8},"end":{"line":180,"column":null}},"82":{"start":{"line":184,"column":21},"end":{"line":184,"column":41}},"83":{"start":{"line":185,"column":8},"end":{"line":185,"column":null}},"84":{"start":{"line":13,"column":0},"end":{"line":13,"column":13}},"85":{"start":{"line":191,"column":8},"end":{"line":191,"column":null}},"86":{"start":{"line":194,"column":8},"end":{"line":194,"column":null}},"87":{"start":{"line":189,"column":0},"end":{"line":189,"column":13}},"88":{"start":{"line":200,"column":8},"end":{"line":200,"column":null}},"89":{"start":{"line":203,"column":8},"end":{"line":203,"column":null}},"90":{"start":{"line":198,"column":0},"end":{"line":198,"column":13}}},"fnMap":{"0":{"name":"(anonymous_0)","decl":{"start":{"line":16,"column":4},"end":{"line":16,"column":16}},"loc":{"start":{"line":16,"column":45},"end":{"line":22,"column":5}}},"1":{"name":"(anonymous_1)","decl":{"start":{"line":15,"column":14},"end":{"line":15,"column":15}},"loc":{"start":{"line":15,"column":38},"end":{"line":15,"column":41}}},"2":{"name":"(anonymous_2)","decl":{"start":{"line":23,"column":4},"end":{"line":23,"column":21}},"loc":{"start":{"line":23,"column":41},"end":{"line":25,"column":5}}},"3":{"name":"(anonymous_3)","decl":{"start":{"line":27,"column":4},"end":{"line":27,"column":22}},"loc":{"start":{"line":27,"column":42},"end":{"line":29,"column":5}}},"4":{"name":"(anonymous_4)","decl":{"start":{"line":31,"column":4},"end":{"line":31,"column":18}},"loc":{"start":{"line":31,"column":37},"end":{"line":36,"column":5}}},"5":{"name":"(anonymous_5)","decl":{"start":{"line":38,"column":4},"end":{"line":38,"column":13}},"loc":{"start":{"line":38,"column":32},"end":{"line":40,"column":5}}},"6":{"name":"(anonymous_6)","decl":{"start":{"line":42,"column":4},"end":{"line":42,"column":16}},"loc":{"start":{"line":42,"column":36},"end":{"line":45,"column":5}}},"7":{"name":"(anonymous_7)","decl":{"start":{"line":47,"column":4},"end":{"line":47,"column":17}},"loc":{"start":{"line":47,"column":37},"end":{"line":50,"column":5}}},"8":{"name":"(anonymous_8)","decl":{"start":{"line":52,"column":4},"end":{"line":52,"column":16}},"loc":{"start":{"line":52,"column":36},"end":{"line":55,"column":5}}},"9":{"name":"(anonymous_9)","decl":{"start":{"line":57,"column":4},"end":{"line":57,"column":17}},"loc":{"start":{"line":57,"column":37},"end":{"line":60,"column":5}}},"10":{"name":"(anonymous_10)","decl":{"start":{"line":62,"column":4},"end":{"line":62,"column":13}},"loc":{"start":{"line":62,"column":32},"end":{"line":65,"column":5}}},"11":{"name":"(anonymous_11)","decl":{"start":{"line":67,"column":4},"end":{"line":67,"column":10}},"loc":{"start":{"line":67,"column":18},"end":{"line":72,"column":5}}},"12":{"name":"(anonymous_12)","decl":{"start":{"line":74,"column":4},"end":{"line":74,"column":8}},"loc":{"start":{"line":74,"column":43},"end":{"line":83,"column":5}}},"13":{"name":"(anonymous_13)","decl":{"start":{"line":85,"column":4},"end":{"line":85,"column":10}},"loc":{"start":{"line":85,"column":45},"end":{"line":105,"column":5}}},"14":{"name":"(anonymous_14)","decl":{"start":{"line":107,"column":4},"end":{"line":107,"column":8}},"loc":{"start":{"line":107,"column":8},"end":{"line":113,"column":5}}},"15":{"name":"(anonymous_15)","decl":{"start":{"line":115,"column":4},"end":{"line":115,"column":8}},"loc":{"start":{"line":115,"column":8},"end":{"line":127,"column":5}}},"16":{"name":"(anonymous_16)","decl":{"start":{"line":129,"column":4},"end":{"line":129,"column":13}},"loc":{"start":{"line":129,"column":33},"end":{"line":140,"column":5}}},"17":{"name":"(anonymous_17)","decl":{"start":{"line":142,"column":4},"end":{"line":142,"column":15}},"loc":{"start":{"line":142,"column":38},"end":{"line":167,"column":5}}},"18":{"name":"(anonymous_18)","decl":{"start":{"line":169,"column":4},"end":{"line":169,"column":15}},"loc":{"start":{"line":169,"column":38},"end":{"line":171,"column":5}}},"19":{"name":"(anonymous_19)","decl":{"start":{"line":173,"column":4},"end":{"line":173,"column":11}},"loc":{"start":{"line":173,"column":11},"end":{"line":176,"column":5}}},"20":{"name":"(anonymous_20)","decl":{"start":{"line":178,"column":4},"end":{"line":178,"column":12}},"loc":{"start":{"line":178,"column":12},"end":{"line":181,"column":5}}},"21":{"name":"(anonymous_21)","decl":{"start":{"line":183,"column":4},"end":{"line":183,"column":9}},"loc":{"start":{"line":183,"column":9},"end":{"line":186,"column":5}}},"22":{"name":"(anonymous_22)","decl":{"start":{"line":190,"column":4},"end":{"line":190,"column":null}},"loc":{"start":{"line":190,"column":4},"end":{"line":192,"column":5}}},"23":{"name":"(anonymous_23)","decl":{"start":{"line":193,"column":4},"end":{"line":193,"column":15}},"loc":{"start":{"line":193,"column":38},"end":{"line":195,"column":5}}},"24":{"name":"(anonymous_24)","decl":{"start":{"line":199,"column":4},"end":{"line":199,"column":null}},"loc":{"start":{"line":199,"column":4},"end":{"line":201,"column":5}}},"25":{"name":"(anonymous_25)","decl":{"start":{"line":202,"column":4},"end":{"line":202,"column":15}},"loc":{"start":{"line":202,"column":38},"end":{"line":204,"column":5}}}},"branchMap":{"0":{"loc":{"start":{"line":16,"column":31},"end":{"line":16,"column":45}},"type":"default-arg","locations":[{"start":{"line":16,"column":31},"end":{"line":16,"column":45}}]},"1":{"loc":{"start":{"line":17,"column":8},"end":{"line":19,"column":null}},"type":"if","locations":[{"start":{"line":17,"column":8},"end":{"line":19,"column":null}},{"start":{"line":17,"column":8},"end":{"line":19,"column":null}}]},"2":{"loc":{"start":{"line":32,"column":8},"end":{"line":34,"column":null}},"type":"if","locations":[{"start":{"line":32,"column":8},"end":{"line":34,"column":null}},{"start":{"line":32,"column":8},"end":{"line":34,"column":null}}]},"3":{"loc":{"start":{"line":74,"column":31},"end":{"line":74,"column":43}},"type":"default-arg","locations":[{"start":{"line":74,"column":31},"end":{"line":74,"column":43}}]},"4":{"loc":{"start":{"line":78,"column":12},"end":{"line":80,"column":null}},"type":"if","locations":[{"start":{"line":78,"column":12},"end":{"line":80,"column":null}},{"start":{"line":78,"column":12},"end":{"line":80,"column":null}}]},"5":{"loc":{"start":{"line":85,"column":33},"end":{"line":85,"column":45}},"type":"default-arg","locations":[{"start":{"line":85,"column":33},"end":{"line":85,"column":45}}]},"6":{"loc":{"start":{"line":89,"column":8},"end":{"line":102,"column":null}},"type":"if","locations":[{"start":{"line":89,"column":8},"end":{"line":102,"column":null}},{"start":{"line":89,"column":8},"end":{"line":102,"column":null}}]},"7":{"loc":{"start":{"line":94,"column":12},"end":{"line":101,"column":null}},"type":"if","locations":[{"start":{"line":94,"column":12},"end":{"line":101,"column":null}},{"start":{"line":94,"column":12},"end":{"line":101,"column":null}}]},"8":{"loc":{"start":{"line":94,"column":16},"end":{"line":94,"column":39}},"type":"binary-expr","locations":[{"start":{"line":94,"column":16},"end":{"line":94,"column":39}},{"start":{"line":95,"column":16},"end":{"line":95,"column":27}},{"start":{"line":96,"column":16},"end":{"line":96,"column":53}}]},"9":{"loc":{"start":{"line":109,"column":8},"end":{"line":111,"column":null}},"type":"if","locations":[{"start":{"line":109,"column":8},"end":{"line":111,"column":null}},{"start":{"line":109,"column":8},"end":{"line":111,"column":null}}]},"10":{"loc":{"start":{"line":117,"column":8},"end":{"line":119,"column":null}},"type":"if","locations":[{"start":{"line":117,"column":8},"end":{"line":119,"column":null}},{"start":{"line":117,"column":8},"end":{"line":119,"column":null}}]},"11":{"loc":{"start":{"line":120,"column":8},"end":{"line":122,"column":null}},"type":"if","locations":[{"start":{"line":120,"column":8},"end":{"line":122,"column":null}},{"start":{"line":120,"column":8},"end":{"line":122,"column":null}}]},"12":{"loc":{"start":{"line":131,"column":35},"end":{"line":131,"column":45}},"type":"binary-expr","locations":[{"start":{"line":131,"column":35},"end":{"line":131,"column":45}},{"start":{"line":131,"column":49},"end":{"line":131,"column":61}}]},"13":{"loc":{"start":{"line":132,"column":15},"end":{"line":132,"column":43}},"type":"binary-expr","locations":[{"start":{"line":132,"column":15},"end":{"line":132,"column":43}},{"start":{"line":133,"column":14},"end":{"line":135,"column":36}}]},"14":{"loc":{"start":{"line":142,"column":37},"end":{"line":142,"column":38}},"type":"default-arg","locations":[{"start":{"line":142,"column":37},"end":{"line":142,"column":38}}]},"15":{"loc":{"start":{"line":147,"column":12},"end":{"line":156,"column":null}},"type":"if","locations":[{"start":{"line":147,"column":12},"end":{"line":156,"column":null}},{"start":{"line":147,"column":12},"end":{"line":156,"column":null}}]},"16":{"loc":{"start":{"line":147,"column":16},"end":{"line":147,"column":48}},"type":"binary-expr","locations":[{"start":{"line":147,"column":16},"end":{"line":147,"column":48}},{"start":{"line":148,"column":16},"end":{"line":150,"column":null}}]},"17":{"loc":{"start":{"line":157,"column":12},"end":{"line":163,"column":null}},"type":"if","locations":[{"start":{"line":157,"column":12},"end":{"line":163,"column":null}},{"start":{"line":157,"column":12},"end":{"line":163,"column":null}}]}},"s":{"0":3,"1":18,"2":18,"3":18,"4":1,"5":17,"6":17,"7":117,"8":56,"9":385,"10":45,"11":340,"12":150,"13":73,"14":73,"15":30,"16":30,"17":20,"18":20,"19":20,"20":20,"21":137,"22":137,"23":85,"24":85,"25":85,"26":85,"27":67,"28":67,"29":67,"30":67,"31":67,"32":346,"33":72,"34":67,"35":30,"36":30,"37":30,"38":31,"39":31,"40":31,"41":7,"42":24,"43":24,"44":24,"45":8,"46":16,"47":30,"48":16,"49":16,"50":2,"51":14,"52":20,"53":20,"54":2,"55":18,"56":2,"57":16,"58":16,"59":16,"60":16,"61":101,"62":101,"63":101,"64":49,"65":49,"66":24,"67":24,"68":24,"69":24,"70":30,"71":6,"72":24,"73":30,"74":5,"75":25,"76":25,"77":0,"78":4,"79":4,"80":71,"81":71,"82":0,"83":0,"84":3,"85":9,"86":94,"87":3,"88":8,"89":71,"90":3},"f":{"0":18,"1":0,"2":117,"3":56,"4":385,"5":150,"6":73,"7":30,"8":20,"9":20,"10":137,"11":85,"12":67,"13":30,"14":16,"15":20,"16":101,"17":24,"18":0,"19":4,"20":71,"21":0,"22":9,"23":94,"24":8,"25":71},"b":{"0":[18],"1":[1,17],"2":[45,340],"3":[6],"4":[72,274],"5":[28],"6":[7,24],"7":[8,16],"8":[24,8,2],"9":[2,14],"10":[2,18],"11":[2,16],"12":[101,87],"13":[150,113],"14":[16],"15":[6,24],"16":[30,20],"17":[5,25]}}
,"D:\\personal\\front-end\\project\\ying-datastructures-algorithms\\src\\ts\\linkedList\\circularLinkedList.ts": {"path":"D:\\personal\\front-end\\project\\ying-datastructures-algorithms\\src\\ts\\linkedList\\circularLinkedList.ts","statementMap":{"0":{"start":{"line":2,"column":0},"end":{"line":2,"column":null}},"1":{"start":{"line":5,"column":0},"end":{"line":5,"column":37}},"2":{"start":{"line":11,"column":8},"end":{"line":11,"column":null}},"3":{"start":{"line":15,"column":30},"end":{"line":15,"column":49}},"4":{"start":{"line":17,"column":8},"end":{"line":23,"column":null}},"5":{"start":{"line":19,"column":12},"end":{"line":19,"column":null}},"6":{"start":{"line":21,"column":12},"end":{"line":21,"column":null}},"7":{"start":{"line":22,"column":12},"end":{"line":22,"column":null}},"8":{"start":{"line":24,"column":8},"end":{"line":24,"column":null}},"9":{"start":{"line":25,"column":8},"end":{"line":25,"column":null}},"10":{"start":{"line":26,"column":8},"end":{"line":26,"column":null}},"11":{"start":{"line":31,"column":8},"end":{"line":50,"column":null}},"12":{"start":{"line":32,"column":36},"end":{"line":32,"column":55}},"13":{"start":{"line":33,"column":37},"end":{"line":33,"column":46}},"14":{"start":{"line":34,"column":12},"end":{"line":48,"column":null}},"15":{"start":{"line":35,"column":16},"end":{"line":43,"column":null}},"16":{"start":{"line":36,"column":20},"end":{"line":36,"column":null}},"17":{"start":{"line":37,"column":20},"end":{"line":37,"column":null}},"18":{"start":{"line":39,"column":20},"end":{"line":39,"column":null}},"19":{"start":{"line":40,"column":20},"end":{"line":40,"column":null}},"20":{"start":{"line":41,"column":20},"end":{"line":41,"column":null}},"21":{"start":{"line":42,"column":20},"end":{"line":42,"column":null}},"22":{"start":{"line":45,"column":44},"end":{"line":45,"column":68}},"23":{"start":{"line":46,"column":16},"end":{"line":46,"column":null}},"24":{"start":{"line":47,"column":16},"end":{"line":47,"column":null}},"25":{"start":{"line":49,"column":12},"end":{"line":49,"column":null}},"26":{"start":{"line":51,"column":8},"end":{"line":51,"column":null}},"27":{"start":{"line":55,"column":8},"end":{"line":74,"column":null}},"28":{"start":{"line":56,"column":37},"end":{"line":56,"column":46}},"29":{"start":{"line":57,"column":12},"end":{"line":71,"column":null}},"30":{"start":{"line":58,"column":16},"end":{"line":66,"column":null}},"31":{"start":{"line":59,"column":20},"end":{"line":59,"column":null}},"32":{"start":{"line":61,"column":36},"end":{"line":61,"column":45}},"33":{"start":{"line":62,"column":20},"end":{"line":62,"column":null}},"34":{"start":{"line":63,"column":20},"end":{"line":63,"column":null}},"35":{"start":{"line":64,"column":20},"end":{"line":64,"column":null}},"36":{"start":{"line":65,"column":20},"end":{"line":65,"column":null}},"37":{"start":{"line":68,"column":33},"end":{"line":68,"column":57}},"38":{"start":{"line":69,"column":16},"end":{"line":69,"column":null}},"39":{"start":{"line":70,"column":16},"end":{"line":70,"column":null}},"40":{"start":{"line":72,"column":12},"end":{"line":72,"column":null}},"41":{"start":{"line":73,"column":12},"end":{"line":73,"column":null}},"42":{"start":{"line":75,"column":8},"end":{"line":75,"column":null}},"43":{"start":{"line":9,"column":0},"end":{"line":9,"column":21}}},"fnMap":{"0":{"name":"(anonymous_0)","decl":{"start":{"line":10,"column":4},"end":{"line":10,"column":null}},"loc":{"start":{"line":10,"column":4},"end":{"line":12,"column":5}}},"1":{"name":"(anonymous_1)","decl":{"start":{"line":14,"column":4},"end":{"line":14,"column":10}},"loc":{"start":{"line":14,"column":21},"end":{"line":27,"column":5}}},"2":{"name":"(anonymous_2)","decl":{"start":{"line":29,"column":4},"end":{"line":29,"column":10}},"loc":{"start":{"line":29,"column":39},"end":{"line":52,"column":5}}},"3":{"name":"(anonymous_3)","decl":{"start":{"line":54,"column":4},"end":{"line":54,"column":12}},"loc":{"start":{"line":54,"column":29},"end":{"line":76,"column":5}}}},"branchMap":{"0":{"loc":{"start":{"line":17,"column":8},"end":{"line":23,"column":null}},"type":"if","locations":[{"start":{"line":17,"column":8},"end":{"line":23,"column":null}},{"start":{"line":17,"column":8},"end":{"line":23,"column":null}}]},"1":{"loc":{"start":{"line":31,"column":8},"end":{"line":50,"column":null}},"type":"if","locations":[{"start":{"line":31,"column":8},"end":{"line":50,"column":null}},{"start":{"line":31,"column":8},"end":{"line":50,"column":null}}]},"2":{"loc":{"start":{"line":31,"column":12},"end":{"line":31,"column":25}},"type":"binary-expr","locations":[{"start":{"line":31,"column":12},"end":{"line":31,"column":25}},{"start":{"line":31,"column":29},"end":{"line":31,"column":52}}]},"3":{"loc":{"start":{"line":34,"column":12},"end":{"line":48,"column":null}},"type":"if","locations":[{"start":{"line":34,"column":12},"end":{"line":48,"column":null}},{"start":{"line":34,"column":12},"end":{"line":48,"column":null}}]},"4":{"loc":{"start":{"line":35,"column":16},"end":{"line":43,"column":null}},"type":"if","locations":[{"start":{"line":35,"column":16},"end":{"line":43,"column":null}},{"start":{"line":35,"column":16},"end":{"line":43,"column":null}}]},"5":{"loc":{"start":{"line":55,"column":8},"end":{"line":74,"column":null}},"type":"if","locations":[{"start":{"line":55,"column":8},"end":{"line":74,"column":null}},{"start":{"line":55,"column":8},"end":{"line":74,"column":null}}]},"6":{"loc":{"start":{"line":55,"column":12},"end":{"line":55,"column":25}},"type":"binary-expr","locations":[{"start":{"line":55,"column":12},"end":{"line":55,"column":25}},{"start":{"line":55,"column":29},"end":{"line":55,"column":51}}]},"7":{"loc":{"start":{"line":57,"column":12},"end":{"line":71,"column":null}},"type":"if","locations":[{"start":{"line":57,"column":12},"end":{"line":71,"column":null}},{"start":{"line":57,"column":12},"end":{"line":71,"column":null}}]},"8":{"loc":{"start":{"line":58,"column":16},"end":{"line":66,"column":null}},"type":"if","locations":[{"start":{"line":58,"column":16},"end":{"line":66,"column":null}},{"start":{"line":58,"column":16},"end":{"line":66,"column":null}}]}},"s":{"0":1,"1":1,"2":13,"3":11,"4":11,"5":6,"6":5,"7":5,"8":11,"9":11,"10":11,"11":3,"12":1,"13":1,"14":1,"15":1,"16":1,"17":1,"18":0,"19":0,"20":0,"21":0,"22":0,"23":0,"24":0,"25":1,"26":3,"27":7,"28":4,"29":4,"30":4,"31":2,"32":2,"33":2,"34":2,"35":2,"36":2,"37":0,"38":0,"39":0,"40":4,"41":4,"42":3,"43":1},"f":{"0":13,"1":11,"2":3,"3":7},"b":{"0":[6,5],"1":[1,2],"2":[3,3],"3":[1,0],"4":[1,0],"5":[4,3],"6":[7,7],"7":[4,0],"8":[2,2]}}
,"D:\\personal\\front-end\\project\\ying-datastructures-algorithms\\src\\ts\\linkedList\\doublyLinkedList.ts": {"path":"D:\\personal\\front-end\\project\\ying-datastructures-algorithms\\src\\ts\\linkedList\\doublyLinkedList.ts","statementMap":{"0":{"start":{"line":2,"column":0},"end":{"line":2,"column":null}},"1":{"start":{"line":5,"column":0},"end":{"line":5,"column":37}},"2":{"start":{"line":14,"column":8},"end":{"line":14,"column":null}},"3":{"start":{"line":20,"column":31},"end":{"line":20,"column":51}},"4":{"start":{"line":21,"column":8},"end":{"line":29,"column":null}},"5":{"start":{"line":23,"column":12},"end":{"line":23,"column":null}},"6":{"start":{"line":24,"column":12},"end":{"line":24,"column":null}},"7":{"start":{"line":26,"column":12},"end":{"line":26,"column":null}},"8":{"start":{"line":27,"column":12},"end":{"line":27,"column":null}},"9":{"start":{"line":28,"column":12},"end":{"line":28,"column":null}},"10":{"start":{"line":30,"column":8},"end":{"line":30,"column":22}},"11":{"start":{"line":31,"column":8},"end":{"line":31,"column":null}},"12":{"start":{"line":37,"column":8},"end":{"line":68,"column":null}},"13":{"start":{"line":38,"column":35},"end":{"line":38,"column":55}},"14":{"start":{"line":39,"column":38},"end":{"line":39,"column":47}},"15":{"start":{"line":41,"column":32},"end":{"line":41,"column":33}},"16":{"start":{"line":42,"column":12},"end":{"line":66,"column":null}},"17":{"start":{"line":43,"column":16},"end":{"line":50,"column":null}},"18":{"start":{"line":44,"column":20},"end":{"line":44,"column":null}},"19":{"start":{"line":45,"column":20},"end":{"line":45,"column":null}},"20":{"start":{"line":47,"column":20},"end":{"line":47,"column":null}},"21":{"start":{"line":48,"column":20},"end":{"line":48,"column":null}},"22":{"start":{"line":49,"column":20},"end":{"line":49,"column":null}},"23":{"start":{"line":51,"column":19},"end":{"line":66,"column":null}},"24":{"start":{"line":52,"column":16},"end":{"line":52,"column":null}},"25":{"start":{"line":53,"column":16},"end":{"line":53,"column":null}},"26":{"start":{"line":54,"column":16},"end":{"line":54,"column":null}},"27":{"start":{"line":55,"column":16},"end":{"line":55,"column":null}},"28":{"start":{"line":57,"column":16},"end":{"line":60,"column":null}},"29":{"start":{"line":58,"column":20},"end":{"line":58,"column":null}},"30":{"start":{"line":59,"column":20},"end":{"line":59,"column":null}},"31":{"start":{"line":61,"column":16},"end":{"line":61,"column":null}},"32":{"start":{"line":62,"column":16},"end":{"line":62,"column":null}},"33":{"start":{"line":64,"column":16},"end":{"line":64,"column":null}},"34":{"start":{"line":65,"column":16},"end":{"line":65,"column":null}},"35":{"start":{"line":67,"column":12},"end":{"line":67,"column":null}},"36":{"start":{"line":69,"column":8},"end":{"line":69,"column":null}},"37":{"start":{"line":74,"column":8},"end":{"line":97,"column":null}},"38":{"start":{"line":75,"column":26},"end":{"line":75,"column":35}},"39":{"start":{"line":76,"column":12},"end":{"line":92,"column":null}},"40":{"start":{"line":77,"column":16},"end":{"line":77,"column":null}},"41":{"start":{"line":78,"column":16},"end":{"line":82,"column":null}},"42":{"start":{"line":79,"column":20},"end":{"line":79,"column":null}},"43":{"start":{"line":81,"column":20},"end":{"line":81,"column":null}},"44":{"start":{"line":83,"column":19},"end":{"line":92,"column":null}},"45":{"start":{"line":84,"column":16},"end":{"line":84,"column":null}},"46":{"start":{"line":85,"column":16},"end":{"line":85,"column":null}},"47":{"start":{"line":86,"column":16},"end":{"line":86,"column":null}},"48":{"start":{"line":88,"column":16},"end":{"line":88,"column":null}},"49":{"start":{"line":89,"column":33},"end":{"line":89,"column":45}},"50":{"start":{"line":90,"column":16},"end":{"line":90,"column":null}},"51":{"start":{"line":91,"column":16},"end":{"line":91,"column":null}},"52":{"start":{"line":93,"column":12},"end":{"line":93,"column":null}},"53":{"start":{"line":94,"column":12},"end":{"line":94,"column":null}},"54":{"start":{"line":96,"column":12},"end":{"line":96,"column":null}},"55":{"start":{"line":102,"column":8},"end":{"line":102,"column":null}},"56":{"start":{"line":107,"column":8},"end":{"line":109,"column":null}},"57":{"start":{"line":108,"column":12},"end":{"line":108,"column":null}},"58":{"start":{"line":110,"column":24},"end":{"line":110,"column":46}},"59":{"start":{"line":111,"column":23},"end":{"line":111,"column":37}},"60":{"start":{"line":112,"column":8},"end":{"line":115,"column":null}},"61":{"start":{"line":113,"column":12},"end":{"line":113,"column":null}},"62":{"start":{"line":114,"column":12},"end":{"line":114,"column":null}},"63":{"start":{"line":116,"column":8},"end":{"line":116,"column":null}},"64":{"start":{"line":120,"column":8},"end":{"line":120,"column":null}},"65":{"start":{"line":121,"column":8},"end":{"line":121,"column":null}},"66":{"start":{"line":9,"column":0},"end":{"line":9,"column":21}}},"fnMap":{"0":{"name":"(anonymous_0)","decl":{"start":{"line":13,"column":4},"end":{"line":13,"column":null}},"loc":{"start":{"line":13,"column":4},"end":{"line":17,"column":5}}},"1":{"name":"(anonymous_1)","decl":{"start":{"line":19,"column":4},"end":{"line":19,"column":10}},"loc":{"start":{"line":19,"column":21},"end":{"line":32,"column":5}}},"2":{"name":"(anonymous_2)","decl":{"start":{"line":34,"column":4},"end":{"line":34,"column":10}},"loc":{"start":{"line":34,"column":39},"end":{"line":70,"column":5}}},"3":{"name":"(anonymous_3)","decl":{"start":{"line":72,"column":4},"end":{"line":72,"column":12}},"loc":{"start":{"line":72,"column":29},"end":{"line":98,"column":5}}},"4":{"name":"(anonymous_4)","decl":{"start":{"line":100,"column":4},"end":{"line":100,"column":11}},"loc":{"start":{"line":100,"column":11},"end":{"line":103,"column":5}}},"5":{"name":"(anonymous_5)","decl":{"start":{"line":105,"column":4},"end":{"line":105,"column":12}},"loc":{"start":{"line":105,"column":12},"end":{"line":117,"column":5}}},"6":{"name":"(anonymous_6)","decl":{"start":{"line":119,"column":4},"end":{"line":119,"column":9}},"loc":{"start":{"line":119,"column":9},"end":{"line":122,"column":5}}}},"branchMap":{"0":{"loc":{"start":{"line":21,"column":8},"end":{"line":29,"column":null}},"type":"if","locations":[{"start":{"line":21,"column":8},"end":{"line":29,"column":null}},{"start":{"line":21,"column":8},"end":{"line":29,"column":null}}]},"1":{"loc":{"start":{"line":37,"column":8},"end":{"line":68,"column":null}},"type":"if","locations":[{"start":{"line":37,"column":8},"end":{"line":68,"column":null}},{"start":{"line":37,"column":8},"end":{"line":68,"column":null}}]},"2":{"loc":{"start":{"line":37,"column":12},"end":{"line":37,"column":25}},"type":"binary-expr","locations":[{"start":{"line":37,"column":12},"end":{"line":37,"column":25}},{"start":{"line":37,"column":29},"end":{"line":37,"column":52}}]},"3":{"loc":{"start":{"line":42,"column":12},"end":{"line":66,"column":null}},"type":"if","locations":[{"start":{"line":42,"column":12},"end":{"line":66,"column":null}},{"start":{"line":42,"column":12},"end":{"line":66,"column":null}}]},"4":{"loc":{"start":{"line":43,"column":16},"end":{"line":50,"column":null}},"type":"if","locations":[{"start":{"line":43,"column":16},"end":{"line":50,"column":null}},{"start":{"line":43,"column":16},"end":{"line":50,"column":null}}]},"5":{"loc":{"start":{"line":51,"column":19},"end":{"line":66,"column":null}},"type":"if","locations":[{"start":{"line":51,"column":19},"end":{"line":66,"column":null}},{"start":{"line":51,"column":19},"end":{"line":66,"column":null}}]},"6":{"loc":{"start":{"line":74,"column":8},"end":{"line":97,"column":null}},"type":"if","locations":[{"start":{"line":74,"column":8},"end":{"line":97,"column":null}},{"start":{"line":74,"column":8},"end":{"line":97,"column":null}}]},"7":{"loc":{"start":{"line":74,"column":12},"end":{"line":74,"column":25}},"type":"binary-expr","locations":[{"start":{"line":74,"column":12},"end":{"line":74,"column":25}},{"start":{"line":74,"column":29},"end":{"line":74,"column":51}}]},"8":{"loc":{"start":{"line":76,"column":12},"end":{"line":92,"column":null}},"type":"if","locations":[{"start":{"line":76,"column":12},"end":{"line":92,"column":null}},{"start":{"line":76,"column":12},"end":{"line":92,"column":null}}]},"9":{"loc":{"start":{"line":78,"column":16},"end":{"line":82,"column":null}},"type":"if","locations":[{"start":{"line":78,"column":16},"end":{"line":82,"column":null}},{"start":{"line":78,"column":16},"end":{"line":82,"column":null}}]},"10":{"loc":{"start":{"line":83,"column":19},"end":{"line":92,"column":null}},"type":"if","locations":[{"start":{"line":83,"column":19},"end":{"line":92,"column":null}},{"start":{"line":83,"column":19},"end":{"line":92,"column":null}}]},"11":{"loc":{"start":{"line":102,"column":15},"end":{"line":102,"column":24}},"type":"binary-expr","locations":[{"start":{"line":102,"column":15},"end":{"line":102,"column":24}},{"start":{"line":102,"column":28},"end":{"line":102,"column":32}}]},"12":{"loc":{"start":{"line":107,"column":8},"end":{"line":109,"column":null}},"type":"if","locations":[{"start":{"line":107,"column":8},"end":{"line":109,"column":null}},{"start":{"line":107,"column":8},"end":{"line":109,"column":null}}]}},"s":{"0":1,"1":1,"2":17,"3":14,"4":14,"5":8,"6":8,"7":6,"8":6,"9":6,"10":14,"11":14,"12":6,"13":5,"14":5,"15":5,"16":5,"17":5,"18":3,"19":3,"20":2,"21":2,"22":2,"23":0,"24":0,"25":0,"26":0,"27":0,"28":0,"29":0,"30":0,"31":0,"32":0,"33":0,"34":0,"35":5,"36":6,"37":7,"38":4,"39":4,"40":4,"41":4,"42":2,"43":2,"44":0,"45":0,"46":0,"47":0,"48":0,"49":0,"50":0,"51":0,"52":4,"53":4,"54":3,"55":6,"56":12,"57":4,"58":8,"59":8,"60":8,"61":4,"62":4,"63":8,"64":2,"65":2,"66":1},"f":{"0":17,"1":14,"2":6,"3":7,"4":6,"5":12,"6":2},"b":{"0":[8,6],"1":[5,1],"2":[6,6],"3":[5,0],"4":[3,2],"5":[0,0],"6":[4,3],"7":[7,7],"8":[4,0],"9":[2,2],"10":[0,0],"11":[6,3],"12":[4,8]}}
,"D:\\personal\\front-end\\project\\ying-datastructures-algorithms\\src\\ts\\linkedList\\linkedList.ts": {"path":"D:\\personal\\front-end\\project\\ying-datastructures-algorithms\\src\\ts\\linkedList\\linkedList.ts","statementMap":{"0":{"start":{"line":2,"column":0},"end":{"line":2,"column":null}},"1":{"start":{"line":10,"column":4},"end":{"line":10,"column":null}},"2":{"start":{"line":11,"column":4},"end":{"line":11,"column":null}},"3":{"start":{"line":13,"column":8},"end":{"line":13,"column":25}},"4":{"start":{"line":14,"column":8},"end":{"line":14,"column":24}},"5":{"start":{"line":19,"column":30},"end":{"line":19,"column":49}},"6":{"start":{"line":21,"column":8},"end":{"line":32,"column":null}},"7":{"start":{"line":23,"column":12},"end":{"line":23,"column":null}},"8":{"start":{"line":25,"column":12},"end":{"line":25,"column":null}},"9":{"start":{"line":27,"column":12},"end":{"line":29,"column":null}},"10":{"start":{"line":28,"column":16},"end":{"line":28,"column":null}},"11":{"start":{"line":31,"column":12},"end":{"line":31,"column":null}},"12":{"start":{"line":33,"column":8},"end":{"line":33,"column":22}},"13":{"start":{"line":34,"column":8},"end":{"line":34,"column":null}},"14":{"start":{"line":40,"column":8},"end":{"line":42,"column":null}},"15":{"start":{"line":41,"column":12},"end":{"line":41,"column":null}},"16":{"start":{"line":43,"column":8},"end":{"line":65,"column":null}},"17":{"start":{"line":44,"column":32},"end":{"line":44,"column":54}},"18":{"start":{"line":45,"column":12},"end":{"line":47,"column":null}},"19":{"start":{"line":46,"column":16},"end":{"line":46,"column":null}},"20":{"start":{"line":48,"column":12},"end":{"line":48,"column":33}},"21":{"start":{"line":49,"column":15},"end":{"line":65,"column":null}},"22":{"start":{"line":50,"column":12},"end":{"line":64,"column":null}},"23":{"start":{"line":51,"column":16},"end":{"line":51,"column":null}},"24":{"start":{"line":53,"column":38},"end":{"line":53,"column":57}},"25":{"start":{"line":54,"column":48},"end":{"line":54,"column":57}},"26":{"start":{"line":56,"column":36},"end":{"line":56,"column":37}},"27":{"start":{"line":57,"column":16},"end":{"line":60,"column":null}},"28":{"start":{"line":58,"column":20},"end":{"line":58,"column":null}},"29":{"start":{"line":59,"column":20},"end":{"line":59,"column":null}},"30":{"start":{"line":61,"column":16},"end":{"line":61,"column":null}},"31":{"start":{"line":62,"column":16},"end":{"line":62,"column":null}},"32":{"start":{"line":63,"column":16},"end":{"line":63,"column":null}},"33":{"start":{"line":66,"column":8},"end":{"line":66,"column":null}},"34":{"start":{"line":71,"column":8},"end":{"line":77,"column":null}},"35":{"start":{"line":72,"column":41},"end":{"line":72,"column":50}},"36":{"start":{"line":73,"column":12},"end":{"line":75,"column":null}},"37":{"start":{"line":73,"column":25},"end":{"line":73,"column":26}},"38":{"start":{"line":74,"column":16},"end":{"line":74,"column":null}},"39":{"start":{"line":76,"column":12},"end":{"line":76,"column":null}},"40":{"start":{"line":78,"column":8},"end":{"line":78,"column":null}},"41":{"start":{"line":84,"column":8},"end":{"line":103,"column":null}},"42":{"start":{"line":85,"column":44},"end":{"line":85,"column":53}},"43":{"start":{"line":87,"column":32},"end":{"line":87,"column":33}},"44":{"start":{"line":89,"column":12},"end":{"line":98,"column":null}},"45":{"start":{"line":90,"column":16},"end":{"line":90,"column":null}},"46":{"start":{"line":92,"column":16},"end":{"line":95,"column":null}},"47":{"start":{"line":93,"column":20},"end":{"line":93,"column":null}},"48":{"start":{"line":94,"column":20},"end":{"line":94,"column":null}},"49":{"start":{"line":97,"column":16},"end":{"line":97,"column":null}},"50":{"start":{"line":99,"column":12},"end":{"line":99,"column":null}},"51":{"start":{"line":100,"column":12},"end":{"line":100,"column":null}},"52":{"start":{"line":102,"column":12},"end":{"line":102,"column":null}},"53":{"start":{"line":108,"column":40},"end":{"line":108,"column":49}},"54":{"start":{"line":109,"column":28},"end":{"line":109,"column":29}},"55":{"start":{"line":110,"column":8},"end":{"line":116,"column":null}},"56":{"start":{"line":111,"column":12},"end":{"line":113,"column":null}},"57":{"start":{"line":112,"column":16},"end":{"line":112,"column":null}},"58":{"start":{"line":114,"column":12},"end":{"line":114,"column":null}},"59":{"start":{"line":115,"column":12},"end":{"line":115,"column":null}},"60":{"start":{"line":117,"column":8},"end":{"line":117,"column":null}},"61":{"start":{"line":122,"column":28},"end":{"line":122,"column":49}},"62":{"start":{"line":123,"column":8},"end":{"line":123,"column":null}},"63":{"start":{"line":128,"column":8},"end":{"line":128,"column":null}},"64":{"start":{"line":133,"column":8},"end":{"line":133,"column":null}},"65":{"start":{"line":138,"column":8},"end":{"line":138,"column":null}},"66":{"start":{"line":142,"column":8},"end":{"line":142,"column":null}},"67":{"start":{"line":143,"column":8},"end":{"line":143,"column":null}},"68":{"start":{"line":147,"column":8},"end":{"line":149,"column":null}},"69":{"start":{"line":148,"column":12},"end":{"line":148,"column":null}},"70":{"start":{"line":150,"column":32},"end":{"line":150,"column":54}},"71":{"start":{"line":151,"column":40},"end":{"line":151,"column":54}},"72":{"start":{"line":152,"column":8},"end":{"line":155,"column":null}},"73":{"start":{"line":152,"column":21},"end":{"line":152,"column":22}},"74":{"start":{"line":153,"column":12},"end":{"line":153,"column":null}},"75":{"start":{"line":154,"column":12},"end":{"line":154,"column":null}},"76":{"start":{"line":156,"column":8},"end":{"line":156,"column":null}},"77":{"start":{"line":161,"column":8},"end":{"line":161,"column":null}},"78":{"start":{"line":9,"column":0},"end":{"line":9,"column":21}}},"fnMap":{"0":{"name":"(anonymous_0)","decl":{"start":{"line":12,"column":4},"end":{"line":12,"column":null}},"loc":{"start":{"line":12,"column":4},"end":{"line":15,"column":5}}},"1":{"name":"(anonymous_1)","decl":{"start":{"line":17,"column":4},"end":{"line":17,"column":10}},"loc":{"start":{"line":17,"column":21},"end":{"line":35,"column":5}}},"2":{"name":"(anonymous_2)","decl":{"start":{"line":37,"column":4},"end":{"line":37,"column":10}},"loc":{"start":{"line":37,"column":39},"end":{"line":67,"column":5}}},"3":{"name":"(anonymous_3)","decl":{"start":{"line":69,"column":4},"end":{"line":69,"column":9}},"loc":{"start":{"line":69,"column":26},"end":{"line":79,"column":5}}},"4":{"name":"(anonymous_4)","decl":{"start":{"line":81,"column":4},"end":{"line":81,"column":12}},"loc":{"start":{"line":81,"column":29},"end":{"line":104,"column":5}}},"5":{"name":"(anonymous_5)","decl":{"start":{"line":106,"column":4},"end":{"line":106,"column":11}},"loc":{"start":{"line":106,"column":22},"end":{"line":118,"column":5}}},"6":{"name":"(anonymous_6)","decl":{"start":{"line":120,"column":4},"end":{"line":120,"column":10}},"loc":{"start":{"line":120,"column":21},"end":{"line":124,"column":5}}},"7":{"name":"(anonymous_7)","decl":{"start":{"line":126,"column":4},"end":{"line":126,"column":11}},"loc":{"start":{"line":126,"column":11},"end":{"line":129,"column":5}}},"8":{"name":"(anonymous_8)","decl":{"start":{"line":131,"column":4},"end":{"line":131,"column":8}},"loc":{"start":{"line":131,"column":8},"end":{"line":134,"column":5}}},"9":{"name":"(anonymous_9)","decl":{"start":{"line":136,"column":4},"end":{"line":136,"column":11}},"loc":{"start":{"line":136,"column":11},"end":{"line":139,"column":5}}},"10":{"name":"(anonymous_10)","decl":{"start":{"line":141,"column":4},"end":{"line":141,"column":9}},"loc":{"start":{"line":141,"column":9},"end":{"line":144,"column":5}}},"11":{"name":"(anonymous_11)","decl":{"start":{"line":146,"column":4},"end":{"line":146,"column":12}},"loc":{"start":{"line":146,"column":12},"end":{"line":157,"column":5}}},"12":{"name":"(anonymous_12)","decl":{"start":{"line":159,"column":4},"end":{"line":159,"column":9}},"loc":{"start":{"line":159,"column":9},"end":{"line":162,"column":5}}}},"branchMap":{"0":{"loc":{"start":{"line":21,"column":8},"end":{"line":32,"column":null}},"type":"if","locations":[{"start":{"line":21,"column":8},"end":{"line":32,"column":null}},{"start":{"line":21,"column":8},"end":{"line":32,"column":null}}]},"1":{"loc":{"start":{"line":40,"column":8},"end":{"line":42,"column":null}},"type":"if","locations":[{"start":{"line":40,"column":8},"end":{"line":42,"column":null}},{"start":{"line":40,"column":8},"end":{"line":42,"column":null}}]},"2":{"loc":{"start":{"line":43,"column":8},"end":{"line":65,"column":null}},"type":"if","locations":[{"start":{"line":43,"column":8},"end":{"line":65,"column":null}},{"start":{"line":43,"column":8},"end":{"line":65,"column":null}}]},"3":{"loc":{"start":{"line":49,"column":15},"end":{"line":65,"column":null}},"type":"if","locations":[{"start":{"line":49,"column":15},"end":{"line":65,"column":null}},{"start":{"line":49,"column":15},"end":{"line":65,"column":null}}]},"4":{"loc":{"start":{"line":50,"column":12},"end":{"line":64,"column":null}},"type":"if","locations":[{"start":{"line":50,"column":12},"end":{"line":64,"column":null}},{"start":{"line":50,"column":12},"end":{"line":64,"column":null}}]},"5":{"loc":{"start":{"line":71,"column":8},"end":{"line":77,"column":null}},"type":"if","locations":[{"start":{"line":71,"column":8},"end":{"line":77,"column":null}},{"start":{"line":71,"column":8},"end":{"line":77,"column":null}}]},"6":{"loc":{"start":{"line":71,"column":12},"end":{"line":71,"column":25}},"type":"binary-expr","locations":[{"start":{"line":71,"column":12},"end":{"line":71,"column":25}},{"start":{"line":71,"column":29},"end":{"line":71,"column":52}}]},"7":{"loc":{"start":{"line":73,"column":28},"end":{"line":73,"column":40}},"type":"binary-expr","locations":[{"start":{"line":73,"column":28},"end":{"line":73,"column":40}},{"start":{"line":73,"column":44},"end":{"line":73,"column":56}}]},"8":{"loc":{"start":{"line":84,"column":8},"end":{"line":103,"column":null}},"type":"if","locations":[{"start":{"line":84,"column":8},"end":{"line":103,"column":null}},{"start":{"line":84,"column":8},"end":{"line":103,"column":null}}]},"9":{"loc":{"start":{"line":84,"column":12},"end":{"line":84,"column":25}},"type":"binary-expr","locations":[{"start":{"line":84,"column":12},"end":{"line":84,"column":25}},{"start":{"line":84,"column":29},"end":{"line":84,"column":51}}]},"10":{"loc":{"start":{"line":89,"column":12},"end":{"line":98,"column":null}},"type":"if","locations":[{"start":{"line":89,"column":12},"end":{"line":98,"column":null}},{"start":{"line":89,"column":12},"end":{"line":98,"column":null}}]},"11":{"loc":{"start":{"line":111,"column":12},"end":{"line":113,"column":null}},"type":"if","locations":[{"start":{"line":111,"column":12},"end":{"line":113,"column":null}},{"start":{"line":111,"column":12},"end":{"line":113,"column":null}}]},"12":{"loc":{"start":{"line":138,"column":15},"end":{"line":138,"column":24}},"type":"binary-expr","locations":[{"start":{"line":138,"column":15},"end":{"line":138,"column":24}},{"start":{"line":138,"column":28},"end":{"line":138,"column":32}}]},"13":{"loc":{"start":{"line":147,"column":8},"end":{"line":149,"column":null}},"type":"if","locations":[{"start":{"line":147,"column":8},"end":{"line":149,"column":null}},{"start":{"line":147,"column":8},"end":{"line":149,"column":null}}]},"14":{"loc":{"start":{"line":152,"column":24},"end":{"line":152,"column":39}},"type":"binary-expr","locations":[{"start":{"line":152,"column":24},"end":{"line":152,"column":39}},{"start":{"line":152,"column":43},"end":{"line":152,"column":58}}]}},"s":{"0":3,"1":38,"2":38,"3":38,"4":38,"5":8,"6":8,"7":4,"8":4,"9":4,"10":3,"11":4,"12":8,"13":8,"14":1,"15":0,"16":1,"17":1,"18":1,"19":3,"20":1,"21":0,"22":0,"23":0,"24":0,"25":0,"26":0,"27":0,"28":0,"29":0,"30":0,"31":0,"32":0,"33":1,"34":10,"35":7,"36":7,"37":7,"38":4,"39":7,"40":3,"41":4,"42":1,"43":1,"44":1,"45":1,"46":0,"47":0,"48":0,"49":0,"50":1,"51":1,"52":3,"53":6,"54":6,"55":6,"56":6,"57":6,"58":0,"59":0,"60":0,"61":6,"62":6,"63":6,"64":44,"65":14,"66":5,"67":5,"68":13,"69":5,"70":8,"71":8,"72":8,"73":8,"74":4,"75":4,"76":8,"77":0,"78":3},"f":{"0":38,"1":8,"2":1,"3":10,"4":4,"5":6,"6":6,"7":6,"8":44,"9":14,"10":5,"11":13,"12":0},"b":{"0":[4,4],"1":[0,1],"2":[1,0],"3":[0,0],"4":[0,0],"5":[7,3],"6":[10,10],"7":[11,4],"8":[1,3],"9":[4,4],"10":[1,0],"11":[6,0],"12":[14,9],"13":[5,8],"14":[12,4]}}
,"D:\\personal\\front-end\\project\\ying-datastructures-algorithms\\src\\ts\\queue\\deque.ts": {"path":"D:\\personal\\front-end\\project\\ying-datastructures-algorithms\\src\\ts\\queue\\deque.ts","statementMap":{"0":{"start":{"line":6,"column":12},"end":{"line":6,"column":62}},"1":{"start":{"line":8,"column":8},"end":{"line":8,"column":null}},"2":{"start":{"line":11,"column":21},"end":{"line":11,"column":41}},"3":{"start":{"line":12,"column":8},"end":{"line":12,"column":null}},"4":{"start":{"line":15,"column":21},"end":{"line":15,"column":41}},"5":{"start":{"line":16,"column":8},"end":{"line":16,"column":null}},"6":{"start":{"line":19,"column":21},"end":{"line":19,"column":41}},"7":{"start":{"line":20,"column":19},"end":{"line":20,"column":28}},"8":{"start":{"line":21,"column":8},"end":{"line":21,"column":null}},"9":{"start":{"line":24,"column":21},"end":{"line":24,"column":41}},"10":{"start":{"line":25,"column":19},"end":{"line":25,"column":26}},"11":{"start":{"line":26,"column":8},"end":{"line":26,"column":null}},"12":{"start":{"line":29,"column":21},"end":{"line":29,"column":41}},"13":{"start":{"line":30,"column":8},"end":{"line":30,"column":null}},"14":{"start":{"line":33,"column":21},"end":{"line":33,"column":41}},"15":{"start":{"line":34,"column":8},"end":{"line":34,"column":null}},"16":{"start":{"line":37,"column":21},"end":{"line":37,"column":41}},"17":{"start":{"line":38,"column":8},"end":{"line":38,"column":null}},"18":{"start":{"line":41,"column":8},"end":{"line":41,"column":null}},"19":{"start":{"line":44,"column":21},"end":{"line":44,"column":41}},"20":{"start":{"line":45,"column":8},"end":{"line":45,"column":null}},"21":{"start":{"line":48,"column":16},"end":{"line":48,"column":36}},"22":{"start":{"line":49,"column":8},"end":{"line":49,"column":null}},"23":{"start":{"line":5,"column":0},"end":{"line":5,"column":21}}},"fnMap":{"0":{"name":"(anonymous_0)","decl":{"start":{"line":7,"column":4},"end":{"line":7,"column":null}},"loc":{"start":{"line":7,"column":4},"end":{"line":9,"column":5}}},"1":{"name":"(anonymous_1)","decl":{"start":{"line":10,"column":4},"end":{"line":10,"column":12}},"loc":{"start":{"line":10,"column":23},"end":{"line":13,"column":5}}},"2":{"name":"(anonymous_2)","decl":{"start":{"line":14,"column":4},"end":{"line":14,"column":11}},"loc":{"start":{"line":14,"column":22},"end":{"line":17,"column":5}}},"3":{"name":"(anonymous_3)","decl":{"start":{"line":18,"column":4},"end":{"line":18,"column":15}},"loc":{"start":{"line":18,"column":15},"end":{"line":22,"column":5}}},"4":{"name":"(anonymous_4)","decl":{"start":{"line":23,"column":4},"end":{"line":23,"column":14}},"loc":{"start":{"line":23,"column":14},"end":{"line":27,"column":5}}},"5":{"name":"(anonymous_5)","decl":{"start":{"line":28,"column":4},"end":{"line":28,"column":13}},"loc":{"start":{"line":28,"column":13},"end":{"line":31,"column":5}}},"6":{"name":"(anonymous_6)","decl":{"start":{"line":32,"column":4},"end":{"line":32,"column":12}},"loc":{"start":{"line":32,"column":12},"end":{"line":35,"column":5}}},"7":{"name":"(anonymous_7)","decl":{"start":{"line":36,"column":4},"end":{"line":36,"column":11}},"loc":{"start":{"line":36,"column":11},"end":{"line":39,"column":5}}},"8":{"name":"(anonymous_8)","decl":{"start":{"line":40,"column":4},"end":{"line":40,"column":9}},"loc":{"start":{"line":40,"column":9},"end":{"line":42,"column":5}}},"9":{"name":"(anonymous_9)","decl":{"start":{"line":43,"column":4},"end":{"line":43,"column":8}},"loc":{"start":{"line":43,"column":8},"end":{"line":46,"column":5}}},"10":{"name":"(anonymous_10)","decl":{"start":{"line":47,"column":4},"end":{"line":47,"column":9}},"loc":{"start":{"line":47,"column":9},"end":{"line":50,"column":5}}}},"branchMap":{},"s":{"0":10,"1":10,"2":25,"3":25,"4":18,"5":18,"6":10,"7":10,"8":10,"9":7,"10":7,"11":7,"12":7,"13":7,"14":7,"15":7,"16":11,"17":11,"18":4,"19":18,"20":18,"21":0,"22":0,"23":1},"f":{"0":10,"1":25,"2":18,"3":10,"4":7,"5":7,"6":7,"7":11,"8":4,"9":18,"10":0},"b":{}}
,"D:\\personal\\front-end\\project\\ying-datastructures-algorithms\\src\\ts\\queue\\priorityQueue.ts": {"path":"D:\\personal\\front-end\\project\\ying-datastructures-algorithms\\src\\ts\\queue\\priorityQueue.ts","statementMap":{"0":{"start":{"line":2,"column":0},"end":{"line":2,"column":null}},"1":{"start":{"line":16,"column":8},"end":{"line":16,"column":null}},"2":{"start":{"line":17,"column":8},"end":{"line":17,"column":null}},"3":{"start":{"line":25,"column":12},"end":{"line":25,"column":73}},"4":{"start":{"line":32,"column":8},"end":{"line":32,"column":null}},"5":{"start":{"line":33,"column":8},"end":{"line":33,"column":null}},"6":{"start":{"line":34,"column":8},"end":{"line":34,"column":null}},"7":{"start":{"line":37,"column":41},"end":{"line":37,"column":76}},"8":{"start":{"line":38,"column":29},"end":{"line":38,"column":34}},"9":{"start":{"line":39,"column":32},"end":{"line":39,"column":52}},"10":{"start":{"line":40,"column":8},"end":{"line":53,"column":null}},"11":{"start":{"line":41,"column":12},"end":{"line":41,"column":null}},"12":{"start":{"line":43,"column":12},"end":{"line":49,"column":null}},"13":{"start":{"line":43,"column":33},"end":{"line":43,"column":34}},"14":{"start":{"line":44,"column":16},"end":{"line":48,"column":null}},"15":{"start":{"line":45,"column":20},"end":{"line":45,"column":null}},"16":{"start":{"line":46,"column":20},"end":{"line":46,"column":null}},"17":{"start":{"line":47,"column":20},"end":{"line":47,"column":25}},"18":{"start":{"line":50,"column":12},"end":{"line":52,"column":null}},"19":{"start":{"line":51,"column":16},"end":{"line":51,"column":null}},"20":{"start":{"line":56,"column":32},"end":{"line":56,"column":52}},"21":{"start":{"line":57,"column":30},"end":{"line":57,"column":39}},"22":{"start":{"line":58,"column":8},"end":{"line":58,"column":null}},"23":{"start":{"line":61,"column":32},"end":{"line":61,"column":52}},"24":{"start":{"line":62,"column":8},"end":{"line":62,"column":null}},"25":{"start":{"line":65,"column":32},"end":{"line":65,"column":52}},"26":{"start":{"line":66,"column":8},"end":{"line":66,"column":null}},"27":{"start":{"line":69,"column":32},"end":{"line":69,"column":52}},"28":{"start":{"line":70,"column":8},"end":{"line":70,"column":null}},"29":{"start":{"line":73,"column":8},"end":{"line":73,"column":null}},"30":{"start":{"line":76,"column":32},"end":{"line":76,"column":52}},"31":{"start":{"line":77,"column":8},"end":{"line":77,"column":null}},"32":{"start":{"line":80,"column":32},"end":{"line":80,"column":52}},"33":{"start":{"line":81,"column":8},"end":{"line":83,"column":null}},"34":{"start":{"line":81,"column":29},"end":{"line":81,"column":30}},"35":{"start":{"line":82,"column":12},"end":{"line":82,"column":null}},"36":{"start":{"line":24,"column":0},"end":{"line":24,"column":21}}},"fnMap":{"0":{"name":"(anonymous_0)","decl":{"start":{"line":15,"column":4},"end":{"line":15,"column":16}},"loc":{"start":{"line":15,"column":54},"end":{"line":18,"column":5}}},"1":{"name":"(anonymous_1)","decl":{"start":{"line":28,"column":4},"end":{"line":28,"column":null}},"loc":{"start":{"line":30,"column":44},"end":{"line":35,"column":5}}},"2":{"name":"(anonymous_2)","decl":{"start":{"line":36,"column":4},"end":{"line":36,"column":11}},"loc":{"start":{"line":36,"column":50},"end":{"line":54,"column":5}}},"3":{"name":"(anonymous_3)","decl":{"start":{"line":55,"column":4},"end":{"line":55,"column":11}},"loc":{"start":{"line":55,"column":11},"end":{"line":59,"column":5}}},"4":{"name":"(anonymous_4)","decl":{"start":{"line":60,"column":4},"end":{"line":60,"column":9}},"loc":{"start":{"line":60,"column":9},"end":{"line":63,"column":5}}},"5":{"name":"(anonymous_5)","decl":{"start":{"line":64,"column":4},"end":{"line":64,"column":8}},"loc":{"start":{"line":64,"column":8},"end":{"line":67,"column":5}}},"6":{"name":"(anonymous_6)","decl":{"start":{"line":68,"column":4},"end":{"line":68,"column":11}},"loc":{"start":{"line":68,"column":11},"end":{"line":71,"column":5}}},"7":{"name":"(anonymous_7)","decl":{"start":{"line":72,"column":4},"end":{"line":72,"column":9}},"loc":{"start":{"line":72,"column":9},"end":{"line":74,"column":5}}},"8":{"name":"(anonymous_8)","decl":{"start":{"line":75,"column":4},"end":{"line":75,"column":8}},"loc":{"start":{"line":75,"column":8},"end":{"line":78,"column":5}}},"9":{"name":"(anonymous_9)","decl":{"start":{"line":79,"column":4},"end":{"line":79,"column":9}},"loc":{"start":{"line":79,"column":9},"end":{"line":84,"column":5}}}},"branchMap":{"0":{"loc":{"start":{"line":29,"column":46},"end":{"line":29,"column":60}},"type":"default-arg","locations":[{"start":{"line":29,"column":46},"end":{"line":29,"column":60}}]},"1":{"loc":{"start":{"line":30,"column":27},"end":{"line":30,"column":44}},"type":"default-arg","locations":[{"start":{"line":30,"column":27},"end":{"line":30,"column":44}}]},"2":{"loc":{"start":{"line":40,"column":8},"end":{"line":53,"column":null}},"type":"if","locations":[{"start":{"line":40,"column":8},"end":{"line":53,"column":null}},{"start":{"line":40,"column":8},"end":{"line":53,"column":null}}]},"3":{"loc":{"start":{"line":44,"column":16},"end":{"line":48,"column":null}},"type":"if","locations":[{"start":{"line":44,"column":16},"end":{"line":48,"column":null}},{"start":{"line":44,"column":16},"end":{"line":48,"column":null}}]},"4":{"loc":{"start":{"line":50,"column":12},"end":{"line":52,"column":null}},"type":"if","locations":[{"start":{"line":50,"column":12},"end":{"line":52,"column":null}},{"start":{"line":50,"column":12},"end":{"line":52,"column":null}}]}},"s":{"0":1,"1":25,"2":25,"3":8,"4":8,"5":8,"6":8,"7":25,"8":25,"9":25,"10":25,"11":9,"12":16,"13":16,"14":23,"15":0,"16":0,"17":0,"18":16,"19":16,"20":17,"21":17,"22":17,"23":7,"24":7,"25":0,"26":0,"27":41,"28":41,"29":4,"30":13,"31":13,"32":0,"33":0,"34":0,"35":0,"36":1},"f":{"0":25,"1":8,"2":25,"3":17,"4":7,"5":0,"6":41,"7":4,"8":13,"9":0},"b":{"0":[8],"1":[8],"2":[9,16],"3":[0,23],"4":[16,0]}}
,"D:\\personal\\front-end\\project\\ying-datastructures-algorithms\\src\\ts\\queue\\queue.ts": {"path":"D:\\personal\\front-end\\project\\ying-datastructures-algorithms\\src\\ts\\queue\\queue.ts","statementMap":{"0":{"start":{"line":6,"column":12},"end":{"line":6,"column":61}},"1":{"start":{"line":8,"column":8},"end":{"line":8,"column":33}},"2":{"start":{"line":12,"column":21},"end":{"line":12,"column":41}},"3":{"start":{"line":13,"column":8},"end":{"line":13,"column":24}},"4":{"start":{"line":17,"column":21},"end":{"line":17,"column":41}},"5":{"start":{"line":18,"column":19},"end":{"line":18,"column":28}},"6":{"start":{"line":19,"column":8},"end":{"line":19,"column":17}},"7":{"start":{"line":23,"column":21},"end":{"line":23,"column":41}},"8":{"start":{"line":24,"column":8},"end":{"line":24,"column":20}},"9":{"start":{"line":28,"column":21},"end":{"line":28,"column":41}},"10":{"start":{"line":29,"column":8},"end":{"line":29,"column":29}},"11":{"start":{"line":33,"column":8},"end":{"line":33,"column":33}},"12":{"start":{"line":37,"column":21},"end":{"line":37,"column":41}},"13":{"start":{"line":38,"column":8},"end":{"line":38,"column":24}},"14":{"start":{"line":42,"column":16},"end":{"line":42,"column":36}},"15":{"start":{"line":43,"column":8},"end":{"line":43,"column":34}},"16":{"start":{"line":5,"column":0},"end":{"line":5,"column":21}}},"fnMap":{"0":{"name":"(anonymous_0)","decl":{"start":{"line":7,"column":4},"end":{"line":7,"column":null}},"loc":{"start":{"line":7,"column":4},"end":{"line":9,"column":5}}},"1":{"name":"(anonymous_1)","decl":{"start":{"line":10,"column":4},"end":{"line":10,"column":11}},"loc":{"start":{"line":10,"column":22},"end":{"line":14,"column":5}}},"2":{"name":"(anonymous_2)","decl":{"start":{"line":15,"column":4},"end":{"line":15,"column":11}},"loc":{"start":{"line":15,"column":11},"end":{"line":20,"column":5}}},"3":{"name":"(anonymous_3)","decl":{"start":{"line":21,"column":4},"end":{"line":21,"column":8}},"loc":{"start":{"line":21,"column":8},"end":{"line":25,"column":5}}},"4":{"name":"(anonymous_4)","decl":{"start":{"line":26,"column":4},"end":{"line":26,"column":11}},"loc":{"start":{"line":26,"column":11},"end":{"line":30,"column":5}}},"5":{"name":"(anonymous_5)","decl":{"start":{"line":31,"column":4},"end":{"line":31,"column":9}},"loc":{"start":{"line":31,"column":9},"end":{"line":34,"column":5}}},"6":{"name":"(anonymous_6)","decl":{"start":{"line":35,"column":4},"end":{"line":35,"column":8}},"loc":{"start":{"line":35,"column":8},"end":{"line":39,"column":5}}},"7":{"name":"(anonymous_7)","decl":{"start":{"line":40,"column":4},"end":{"line":40,"column":9}},"loc":{"start":{"line":40,"column":9},"end":{"line":44,"column":5}}}},"branchMap":{},"s":{"0":8,"1":8,"2":25,"3":25,"4":17,"5":17,"6":17,"7":7,"8":7,"9":16,"10":16,"11":4,"12":13,"13":13,"14":0,"15":0,"16":1},"f":{"0":8,"1":25,"2":17,"3":7,"4":16,"5":4,"6":13,"7":0},"b":{}}
,"D:\\personal\\front-end\\project\\ying-datastructures-algorithms\\src\\ts\\sorting\\bubbleSort.ts": {"path":"D:\\personal\\front-end\\project\\ying-datastructures-algorithms\\src\\ts\\sorting\\bubbleSort.ts","statementMap":{"0":{"start":{"line":2,"column":0},"end":{"line":2,"column":null}},"1":{"start":{"line":7,"column":19},"end":{"line":17,"column":1}},"2":{"start":{"line":8,"column":24},"end":{"line":8,"column":39}},"3":{"start":{"line":9,"column":4},"end":{"line":15,"column":null}},"4":{"start":{"line":9,"column":25},"end":{"line":9,"column":26}},"5":{"start":{"line":10,"column":8},"end":{"line":14,"column":null}},"6":{"start":{"line":10,"column":29},"end":{"line":10,"column":30}},"7":{"start":{"line":11,"column":12},"end":{"line":13,"column":null}},"8":{"start":{"line":12,"column":16},"end":{"line":12,"column":null}},"9":{"start":{"line":16,"column":4},"end":{"line":16,"column":null}},"10":{"start":{"line":18,"column":0},"end":{"line":18,"column":null}}},"fnMap":{"0":{"name":"(anonymous_0)","decl":{"start":{"line":7,"column":19},"end":{"line":7,"column":23}},"loc":{"start":{"line":7,"column":64},"end":{"line":17,"column":1}}}},"branchMap":{"0":{"loc":{"start":{"line":7,"column":46},"end":{"line":7,"column":60}},"type":"default-arg","locations":[{"start":{"line":7,"column":46},"end":{"line":7,"column":60}}]},"1":{"loc":{"start":{"line":11,"column":12},"end":{"line":13,"column":null}},"type":"if","locations":[{"start":{"line":11,"column":12},"end":{"line":13,"column":null}},{"start":{"line":11,"column":12},"end":{"line":13,"column":null}}]}},"s":{"0":1,"1":1,"2":5,"3":5,"4":5,"5":50,"6":50,"7":308,"8":112,"9":5,"10":1},"f":{"0":5},"b":{"0":[5],"1":[112,196]}}
,"D:\\personal\\front-end\\project\\ying-datastructures-algorithms\\src\\ts\\sorting\\bucketSort.ts": {"path":"D:\\personal\\front-end\\project\\ying-datastructures-algorithms\\src\\ts\\sorting\\bucketSort.ts","statementMap":{"0":{"start":{"line":5,"column":19},"end":{"line":31,"column":1}},"1":{"start":{"line":6,"column":24},"end":{"line":6,"column":41}},"2":{"start":{"line":7,"column":24},"end":{"line":7,"column":41}},"3":{"start":{"line":8,"column":32},"end":{"line":8,"column":74}},"4":{"start":{"line":9,"column":34},"end":{"line":9,"column":36}},"5":{"start":{"line":10,"column":4},"end":{"line":23,"column":null}},"6":{"start":{"line":10,"column":25},"end":{"line":10,"column":26}},"7":{"start":{"line":10,"column":42},"end":{"line":10,"column":53}},"8":{"start":{"line":11,"column":30},"end":{"line":11,"column":55}},"9":{"start":{"line":12,"column":8},"end":{"line":14,"column":null}},"10":{"start":{"line":13,"column":12},"end":{"line":13,"column":34}},"11":{"start":{"line":15,"column":8},"end":{"line":15,"column":null}},"12":{"start":{"line":16,"column":19},"end":{"line":16,"column":42}},"13":{"start":{"line":17,"column":8},"end":{"line":22,"column":null}},"14":{"start":{"line":18,"column":12},"end":{"line":20,"column":null}},"15":{"start":{"line":19,"column":16},"end":{"line":19,"column":null}},"16":{"start":{"line":21,"column":12},"end":{"line":21,"column":null}},"17":{"start":{"line":24,"column":18},"end":{"line":24,"column":20}},"18":{"start":{"line":25,"column":4},"end":{"line":29,"column":null}},"19":{"start":{"line":25,"column":17},"end":{"line":25,"column":18}},"20":{"start":{"line":25,"column":26},"end":{"line":25,"column":42}},"21":{"start":{"line":26,"column":8},"end":{"line":28,"column":null}},"22":{"start":{"line":27,"column":12},"end":{"line":27,"column":null}},"23":{"start":{"line":30,"column":4},"end":{"line":30,"column":null}},"24":{"start":{"line":32,"column":0},"end":{"line":32,"column":null}}},"fnMap":{"0":{"name":"(anonymous_0)","decl":{"start":{"line":5,"column":19},"end":{"line":5,"column":20}},"loc":{"start":{"line":5,"column":102},"end":{"line":31,"column":1}}}},"branchMap":{"0":{"loc":{"start":{"line":5,"column":66},"end":{"line":5,"column":68}},"type":"default-arg","locations":[{"start":{"line":5,"column":66},"end":{"line":5,"column":68}}]},"1":{"loc":{"start":{"line":12,"column":8},"end":{"line":14,"column":null}},"type":"if","locations":[{"start":{"line":12,"column":8},"end":{"line":14,"column":null}},{"start":{"line":12,"column":8},"end":{"line":14,"column":null}}]},"2":{"loc":{"start":{"line":18,"column":12},"end":{"line":20,"column":null}},"type":"if","locations":[{"start":{"line":18,"column":12},"end":{"line":20,"column":null}},{"start":{"line":18,"column":12},"end":{"line":20,"column":null}}]},"3":{"loc":{"start":{"line":26,"column":8},"end":{"line":28,"column":null}},"type":"if","locations":[{"start":{"line":26,"column":8},"end":{"line":28,"column":null}},{"start":{"line":26,"column":8},"end":{"line":28,"column":null}}]}},"s":{"0":1,"1":5,"2":5,"3":5,"4":5,"5":5,"6":5,"7":5,"8":55,"9":55,"10":24,"11":55,"12":55,"13":55,"14":205,"15":0,"16":205,"17":5,"18":5,"19":5,"20":5,"21":49,"22":24,"23":5,"24":1},"f":{"0":5},"b":{"0":[5],"1":[24,31],"2":[0,205],"3":[24,25]}}
,"D:\\personal\\front-end\\project\\ying-datastructures-algorithms\\src\\ts\\sorting\\cocktailSort.ts": {"path":"D:\\personal\\front-end\\project\\ying-datastructures-algorithms\\src\\ts\\sorting\\cocktailSort.ts","statementMap":{"0":{"start":{"line":2,"column":0},"end":{"line":2,"column":null}},"1":{"start":{"line":7,"column":21},"end":{"line":24,"column":1}},"2":{"start":{"line":8,"column":34},"end":{"line":8,"column":35}},"3":{"start":{"line":8,"column":53},"end":{"line":8,"column":68}},"4":{"start":{"line":9,"column":4},"end":{"line":22,"column":null}},"5":{"start":{"line":10,"column":8},"end":{"line":14,"column":null}},"6":{"start":{"line":11,"column":12},"end":{"line":13,"column":null}},"7":{"start":{"line":12,"column":16},"end":{"line":12,"column":null}},"8":{"start":{"line":15,"column":8},"end":{"line":15,"column":null}},"9":{"start":{"line":16,"column":8},"end":{"line":20,"column":null}},"10":{"start":{"line":17,"column":12},"end":{"line":19,"column":null}},"11":{"start":{"line":18,"column":16},"end":{"line":18,"column":null}},"12":{"start":{"line":21,"column":8},"end":{"line":21,"column":null}},"13":{"start":{"line":23,"column":4},"end":{"line":23,"column":null}},"14":{"start":{"line":25,"column":0},"end":{"line":25,"column":null}}},"fnMap":{"0":{"name":"(anonymous_0)","decl":{"start":{"line":7,"column":21},"end":{"line":7,"column":25}},"loc":{"start":{"line":7,"column":71},"end":{"line":24,"column":1}}}},"branchMap":{"0":{"loc":{"start":{"line":7,"column":48},"end":{"line":7,"column":62}},"type":"default-arg","locations":[{"start":{"line":7,"column":48},"end":{"line":7,"column":62}}]},"1":{"loc":{"start":{"line":11,"column":12},"end":{"line":13,"column":null}},"type":"if","locations":[{"start":{"line":11,"column":12},"end":{"line":13,"column":null}},{"start":{"line":11,"column":12},"end":{"line":13,"column":null}}]},"2":{"loc":{"start":{"line":17,"column":12},"end":{"line":19,"column":null}},"type":"if","locations":[{"start":{"line":17,"column":12},"end":{"line":19,"column":null}},{"start":{"line":17,"column":12},"end":{"line":19,"column":null}}]}},"s":{"0":1,"1":1,"2":5,"3":5,"4":5,"5":26,"6":167,"7":0,"8":26,"9":26,"10":141,"11":0,"12":26,"13":5,"14":1},"f":{"0":5},"b":{"0":[5],"1":[0,167],"2":[0,141]}}
,"D:\\personal\\front-end\\project\\ying-datastructures-algorithms\\src\\ts\\sorting\\countSort.ts": {"path":"D:\\personal\\front-end\\project\\ying-datastructures-algorithms\\src\\ts\\sorting\\countSort.ts","statementMap":{"0":{"start":{"line":5,"column":18},"end":{"line":25,"column":1}},"1":{"start":{"line":6,"column":24},"end":{"line":6,"column":26}},"2":{"start":{"line":7,"column":4},"end":{"line":14,"column":null}},"3":{"start":{"line":7,"column":25},"end":{"line":7,"column":26}},"4":{"start":{"line":7,"column":43},"end":{"line":7,"column":54}},"5":{"start":{"line":8,"column":26},"end":{"line":8,"column":33}},"6":{"start":{"line":9,"column":8},"end":{"line":13,"column":null}},"7":{"start":{"line":10,"column":12},"end":{"line":10,"column":null}},"8":{"start":{"line":12,"column":12},"end":{"line":12,"column":null}},"9":{"start":{"line":15,"column":24},"end":{"line":15,"column":26}},"10":{"start":{"line":16,"column":4},"end":{"line":23,"column":null}},"11":{"start":{"line":16,"column":25},"end":{"line":16,"column":26}},"12":{"start":{"line":16,"column":43},"end":{"line":16,"column":51}},"13":{"start":{"line":17,"column":8},"end":{"line":22,"column":null}},"14":{"start":{"line":18,"column":12},"end":{"line":21,"column":null}},"15":{"start":{"line":19,"column":16},"end":{"line":19,"column":null}},"16":{"start":{"line":20,"column":16},"end":{"line":20,"column":null}},"17":{"start":{"line":24,"column":4},"end":{"line":24,"column":null}},"18":{"start":{"line":26,"column":0},"end":{"line":26,"column":null}}},"fnMap":{"0":{"name":"(anonymous_0)","decl":{"start":{"line":5,"column":18},"end":{"line":5,"column":19}},"loc":{"start":{"line":5,"column":61},"end":{"line":25,"column":1}}}},"branchMap":{"0":{"loc":{"start":{"line":9,"column":8},"end":{"line":13,"column":null}},"type":"if","locations":[{"start":{"line":9,"column":8},"end":{"line":13,"column":null}},{"start":{"line":9,"column":8},"end":{"line":13,"column":null}}]},"1":{"loc":{"start":{"line":17,"column":8},"end":{"line":22,"column":null}},"type":"if","locations":[{"start":{"line":17,"column":8},"end":{"line":22,"column":null}},{"start":{"line":17,"column":8},"end":{"line":22,"column":null}}]}},"s":{"0":1,"1":5,"2":5,"3":5,"4":5,"5":55,"6":55,"7":5,"8":50,"9":5,"10":5,"11":5,"12":5,"13":1963,"14":50,"15":55,"16":55,"17":5,"18":1},"f":{"0":5},"b":{"0":[5,50],"1":[50,1913]}}
,"D:\\personal\\front-end\\project\\ying-datastructures-algorithms\\src\\ts\\sorting\\heapSort.ts": {"path":"D:\\personal\\front-end\\project\\ying-datastructures-algorithms\\src\\ts\\sorting\\heapSort.ts","statementMap":{"0":{"start":{"line":6,"column":0},"end":{"line":6,"column":null}},"1":{"start":{"line":11,"column":16},"end":{"line":28,"column":1}},"2":{"start":{"line":12,"column":18},"end":{"line":12,"column":23}},"3":{"start":{"line":13,"column":17},"end":{"line":13,"column":32}},"4":{"start":{"line":14,"column":18},"end":{"line":14,"column":33}},"5":{"start":{"line":16,"column":4},"end":{"line":18,"column":null}},"6":{"start":{"line":17,"column":8},"end":{"line":17,"column":null}},"7":{"start":{"line":20,"column":4},"end":{"line":22,"column":null}},"8":{"start":{"line":21,"column":8},"end":{"line":21,"column":null}},"9":{"start":{"line":24,"column":4},"end":{"line":27,"column":null}},"10":{"start":{"line":25,"column":8},"end":{"line":25,"column":null}},"11":{"start":{"line":26,"column":8},"end":{"line":26,"column":null}},"12":{"start":{"line":31,"column":21},"end":{"line":36,"column":1}},"13":{"start":{"line":32,"column":4},"end":{"line":34,"column":null}},"14":{"start":{"line":32,"column":17},"end":{"line":32,"column":44}},"15":{"start":{"line":33,"column":8},"end":{"line":33,"column":null}},"16":{"start":{"line":35,"column":4},"end":{"line":35,"column":null}},"17":{"start":{"line":44,"column":17},"end":{"line":52,"column":1}},"18":{"start":{"line":45,"column":19},"end":{"line":45,"column":30}},"19":{"start":{"line":46,"column":4},"end":{"line":46,"column":34}},"20":{"start":{"line":47,"column":4},"end":{"line":50,"column":null}},"21":{"start":{"line":48,"column":8},"end":{"line":48,"column":34}},"22":{"start":{"line":49,"column":8},"end":{"line":49,"column":46}},"23":{"start":{"line":51,"column":4},"end":{"line":51,"column":null}},"24":{"start":{"line":54,"column":0},"end":{"line":54,"column":null}}},"fnMap":{"0":{"name":"(anonymous_0)","decl":{"start":{"line":11,"column":16},"end":{"line":11,"column":17}},"loc":{"start":{"line":11,"column":115},"end":{"line":28,"column":1}}},"1":{"name":"(anonymous_1)","decl":{"start":{"line":31,"column":21},"end":{"line":31,"column":22}},"loc":{"start":{"line":31,"column":98},"end":{"line":36,"column":1}}},"2":{"name":"(anonymous_2)","decl":{"start":{"line":44,"column":17},"end":{"line":44,"column":18}},"loc":{"start":{"line":44,"column":88},"end":{"line":52,"column":1}}}},"branchMap":{"0":{"loc":{"start":{"line":16,"column":4},"end":{"line":18,"column":null}},"type":"if","locations":[{"start":{"line":16,"column":4},"end":{"line":18,"column":null}},{"start":{"line":16,"column":4},"end":{"line":18,"column":null}}]},"1":{"loc":{"start":{"line":16,"column":8},"end":{"line":16,"column":23}},"type":"binary-expr","locations":[{"start":{"line":16,"column":8},"end":{"line":16,"column":23}},{"start":{"line":16,"column":27},"end":{"line":16,"column":65}}]},"2":{"loc":{"start":{"line":20,"column":4},"end":{"line":22,"column":null}},"type":"if","locations":[{"start":{"line":20,"column":4},"end":{"line":22,"column":null}},{"start":{"line":20,"column":4},"end":{"line":22,"column":null}}]},"3":{"loc":{"start":{"line":20,"column":8},"end":{"line":20,"column":24}},"type":"binary-expr","locations":[{"start":{"line":20,"column":8},"end":{"line":20,"column":24}},{"start":{"line":20,"column":28},"end":{"line":20,"column":69}}]},"4":{"loc":{"start":{"line":24,"column":4},"end":{"line":27,"column":null}},"type":"if","locations":[{"start":{"line":24,"column":4},"end":{"line":27,"column":null}},{"start":{"line":24,"column":4},"end":{"line":27,"column":null}}]},"5":{"loc":{"start":{"line":44,"column":53},"end":{"line":44,"column":67}},"type":"default-arg","locations":[{"start":{"line":44,"column":53},"end":{"line":44,"column":67}}]}},"s":{"0":1,"1":1,"2":209,"3":209,"4":209,"5":209,"6":124,"7":209,"8":58,"9":209,"10":128,"11":128,"12":1,"13":5,"14":5,"15":31,"16":5,"17":1,"18":5,"19":5,"20":5,"21":50,"22":50,"23":5,"24":1},"f":{"0":209,"1":5,"2":5},"b":{"0":[124,85],"1":[209,131],"2":[58,151],"3":[209,114],"4":[128,81],"5":[5]}}
,"D:\\personal\\front-end\\project\\ying-datastructures-algorithms\\src\\ts\\sorting\\insertionSort.ts": {"path":"D:\\personal\\front-end\\project\\ying-datastructures-algorithms\\src\\ts\\sorting\\insertionSort.ts","statementMap":{"0":{"start":{"line":2,"column":22},"end":{"line":15,"column":1}},"1":{"start":{"line":3,"column":24},"end":{"line":3,"column":35}},"2":{"start":{"line":5,"column":4},"end":{"line":13,"column":null}},"3":{"start":{"line":5,"column":25},"end":{"line":5,"column":26}},"4":{"start":{"line":6,"column":8},"end":{"line":6,"column":null}},"5":{"start":{"line":7,"column":8},"end":{"line":7,"column":null}},"6":{"start":{"line":8,"column":8},"end":{"line":11,"column":null}},"7":{"start":{"line":9,"column":12},"end":{"line":9,"column":null}},"8":{"start":{"line":10,"column":12},"end":{"line":10,"column":null}},"9":{"start":{"line":12,"column":8},"end":{"line":12,"column":null}},"10":{"start":{"line":14,"column":4},"end":{"line":14,"column":null}},"11":{"start":{"line":16,"column":0},"end":{"line":16,"column":null}}},"fnMap":{"0":{"name":"(anonymous_0)","decl":{"start":{"line":2,"column":22},"end":{"line":2,"column":26}},"loc":{"start":{"line":2,"column":44},"end":{"line":15,"column":1}}}},"branchMap":{"0":{"loc":{"start":{"line":8,"column":15},"end":{"line":8,"column":21}},"type":"binary-expr","locations":[{"start":{"line":8,"column":15},"end":{"line":8,"column":21}},{"start":{"line":8,"column":25},"end":{"line":8,"column":39}}]}},"s":{"0":1,"1":5,"2":5,"3":5,"4":55,"5":55,"6":55,"7":0,"8":0,"9":55,"10":5,"11":1},"f":{"0":5},"b":{"0":[55,50]}}
,"D:\\personal\\front-end\\project\\ying-datastructures-algorithms\\src\\ts\\sorting\\mergeSort.ts": {"path":"D:\\personal\\front-end\\project\\ying-datastructures-algorithms\\src\\ts\\sorting\\mergeSort.ts","statementMap":{"0":{"start":{"line":2,"column":14},"end":{"line":12,"column":1}},"1":{"start":{"line":3,"column":17},"end":{"line":3,"column":19}},"2":{"start":{"line":4,"column":4},"end":{"line":10,"column":null}},"3":{"start":{"line":5,"column":8},"end":{"line":9,"column":null}},"4":{"start":{"line":6,"column":12},"end":{"line":6,"column":null}},"5":{"start":{"line":8,"column":12},"end":{"line":8,"column":null}},"6":{"start":{"line":11,"column":4},"end":{"line":11,"column":null}},"7":{"start":{"line":14,"column":18},"end":{"line":22,"column":1}},"8":{"start":{"line":15,"column":4},"end":{"line":17,"column":null}},"9":{"start":{"line":16,"column":8},"end":{"line":16,"column":null}},"10":{"start":{"line":18,"column":25},"end":{"line":18,"column":52}},"11":{"start":{"line":19,"column":20},"end":{"line":19,"column":41}},"12":{"start":{"line":20,"column":21},"end":{"line":20,"column":39}},"13":{"start":{"line":21,"column":4},"end":{"line":21,"column":null}},"14":{"start":{"line":23,"column":0},"end":{"line":23,"column":null}}},"fnMap":{"0":{"name":"(anonymous_0)","decl":{"start":{"line":2,"column":14},"end":{"line":2,"column":18}},"loc":{"start":{"line":2,"column":48},"end":{"line":12,"column":1}}},"1":{"name":"(anonymous_1)","decl":{"start":{"line":14,"column":18},"end":{"line":14,"column":22}},"loc":{"start":{"line":14,"column":40},"end":{"line":22,"column":1}}}},"branchMap":{"0":{"loc":{"start":{"line":4,"column":11},"end":{"line":4,"column":22}},"type":"binary-expr","locations":[{"start":{"line":4,"column":11},"end":{"line":4,"column":22}},{"start":{"line":4,"column":26},"end":{"line":4,"column":38}}]},"1":{"loc":{"start":{"line":5,"column":8},"end":{"line":9,"column":null}},"type":"if","locations":[{"start":{"line":5,"column":8},"end":{"line":9,"column":null}},{"start":{"line":5,"column":8},"end":{"line":9,"column":null}}]},"2":{"loc":{"start":{"line":15,"column":4},"end":{"line":17,"column":null}},"type":"if","locations":[{"start":{"line":15,"column":4},"end":{"line":17,"column":null}},{"start":{"line":15,"column":4},"end":{"line":17,"column":null}}]}},"s":{"0":1,"1":50,"2":50,"3":95,"4":90,"5":5,"6":50,"7":1,"8":105,"9":55,"10":50,"11":50,"12":50,"13":50,"14":1},"f":{"0":50,"1":105},"b":{"0":[145,97],"1":[90,5],"2":[55,50]}}
,"D:\\personal\\front-end\\project\\ying-datastructures-algorithms\\src\\ts\\sorting\\quickSort.ts": {"path":"D:\\personal\\front-end\\project\\ying-datastructures-algorithms\\src\\ts\\sorting\\quickSort.ts","statementMap":{"0":{"start":{"line":6,"column":13},"end":{"line":23,"column":null}},"1":{"start":{"line":7,"column":24},"end":{"line":7,"column":35}},"2":{"start":{"line":8,"column":4},"end":{"line":10,"column":null}},"3":{"start":{"line":9,"column":8},"end":{"line":9,"column":null}},"4":{"start":{"line":11,"column":26},"end":{"line":11,"column":33}},"5":{"start":{"line":12,"column":34},"end":{"line":12,"column":36}},"6":{"start":{"line":13,"column":35},"end":{"line":13,"column":37}},"7":{"start":{"line":14,"column":4},"end":{"line":21,"column":null}},"8":{"start":{"line":14,"column":25},"end":{"line":14,"column":26}},"9":{"start":{"line":15,"column":8},"end":{"line":17,"column":null}},"10":{"start":{"line":16,"column":12},"end":{"line":16,"column":null}},"11":{"start":{"line":18,"column":8},"end":{"line":20,"column":null}},"12":{"start":{"line":19,"column":12},"end":{"line":19,"column":null}},"13":{"start":{"line":22,"column":4},"end":{"line":22,"column":null}},"14":{"start":{"line":24,"column":13},"end":{"line":43,"column":null}},"15":{"start":{"line":25,"column":24},"end":{"line":25,"column":35}},"16":{"start":{"line":26,"column":4},"end":{"line":28,"column":null}},"17":{"start":{"line":27,"column":8},"end":{"line":27,"column":null}},"18":{"start":{"line":29,"column":32},"end":{"line":29,"column":34}},"19":{"start":{"line":30,"column":34},"end":{"line":30,"column":36}},"20":{"start":{"line":31,"column":33},"end":{"line":31,"column":35}},"21":{"start":{"line":32,"column":24},"end":{"line":32,"column":31}},"22":{"start":{"line":33,"column":4},"end":{"line":41,"column":null}},"23":{"start":{"line":33,"column":25},"end":{"line":33,"column":26}},"24":{"start":{"line":34,"column":8},"end":{"line":40,"column":null}},"25":{"start":{"line":35,"column":12},"end":{"line":35,"column":null}},"26":{"start":{"line":36,"column":15},"end":{"line":40,"column":null}},"27":{"start":{"line":37,"column":12},"end":{"line":37,"column":null}},"28":{"start":{"line":39,"column":12},"end":{"line":39,"column":null}},"29":{"start":{"line":42,"column":4},"end":{"line":42,"column":null}}},"fnMap":{"0":{"name":"(anonymous_0)","decl":{"start":{"line":6,"column":25},"end":{"line":6,"column":26}},"loc":{"start":{"line":6,"column":68},"end":{"line":23,"column":1}}},"1":{"name":"(anonymous_1)","decl":{"start":{"line":24,"column":26},"end":{"line":24,"column":27}},"loc":{"start":{"line":24,"column":69},"end":{"line":43,"column":1}}}},"branchMap":{"0":{"loc":{"start":{"line":8,"column":4},"end":{"line":10,"column":null}},"type":"if","locations":[{"start":{"line":8,"column":4},"end":{"line":10,"column":null}},{"start":{"line":8,"column":4},"end":{"line":10,"column":null}}]},"1":{"loc":{"start":{"line":15,"column":8},"end":{"line":17,"column":null}},"type":"if","locations":[{"start":{"line":15,"column":8},"end":{"line":17,"column":null}},{"start":{"line":15,"column":8},"end":{"line":17,"column":null}}]},"2":{"loc":{"start":{"line":18,"column":8},"end":{"line":20,"column":null}},"type":"if","locations":[{"start":{"line":18,"column":8},"end":{"line":20,"column":null}},{"start":{"line":18,"column":8},"end":{"line":20,"column":null}}]},"3":{"loc":{"start":{"line":26,"column":4},"end":{"line":28,"column":null}},"type":"if","locations":[{"start":{"line":26,"column":4},"end":{"line":28,"column":null}},{"start":{"line":26,"column":4},"end":{"line":28,"column":null}}]},"4":{"loc":{"start":{"line":34,"column":8},"end":{"line":40,"column":null}},"type":"if","locations":[{"start":{"line":34,"column":8},"end":{"line":40,"column":null}},{"start":{"line":34,"column":8},"end":{"line":40,"column":null}}]},"5":{"loc":{"start":{"line":36,"column":15},"end":{"line":40,"column":null}},"type":"if","locations":[{"start":{"line":36,"column":15},"end":{"line":40,"column":null}},{"start":{"line":36,"column":15},"end":{"line":40,"column":null}}]}},"s":{"0":1,"1":105,"2":105,"3":55,"4":50,"5":50,"6":50,"7":50,"8":50,"9":308,"10":308,"11":308,"12":0,"13":50,"14":1,"15":95,"16":95,"17":50,"18":45,"19":45,"20":45,"21":45,"22":45,"23":45,"24":323,"25":0,"26":323,"27":50,"28":273,"29":45},"f":{"0":105,"1":95},"b":{"0":[55,50],"1":[308,0],"2":[0,308],"3":[50,45],"4":[0,323],"5":[50,273]}}
,"D:\\personal\\front-end\\project\\ying-datastructures-algorithms\\src\\ts\\sorting\\radixSort.ts": {"path":"D:\\personal\\front-end\\project\\ying-datastructures-algorithms\\src\\ts\\sorting\\radixSort.ts","statementMap":{"0":{"start":{"line":5,"column":21},"end":{"line":31,"column":1}},"1":{"start":{"line":6,"column":24},"end":{"line":6,"column":41}},"2":{"start":{"line":7,"column":24},"end":{"line":7,"column":39}},"3":{"start":{"line":8,"column":24},"end":{"line":8,"column":25}},"4":{"start":{"line":9,"column":37},"end":{"line":9,"column":39}},"5":{"start":{"line":10,"column":4},"end":{"line":29,"column":null}},"6":{"start":{"line":11,"column":8},"end":{"line":11,"column":null}},"7":{"start":{"line":13,"column":8},"end":{"line":19,"column":null}},"8":{"start":{"line":13,"column":29},"end":{"line":13,"column":30}},"9":{"start":{"line":14,"column":27},"end":{"line":14,"column":42}},"10":{"start":{"line":15,"column":12},"end":{"line":17,"column":null}},"11":{"start":{"line":16,"column":16},"end":{"line":16,"column":null}},"12":{"start":{"line":18,"column":12},"end":{"line":18,"column":41}},"13":{"start":{"line":20,"column":8},"end":{"line":20,"column":null}},"14":{"start":{"line":22,"column":8},"end":{"line":26,"column":null}},"15":{"start":{"line":22,"column":29},"end":{"line":22,"column":30}},"16":{"start":{"line":23,"column":12},"end":{"line":25,"column":null}},"17":{"start":{"line":24,"column":16},"end":{"line":24,"column":null}},"18":{"start":{"line":27,"column":8},"end":{"line":27,"column":null}},"19":{"start":{"line":28,"column":8},"end":{"line":28,"column":null}},"20":{"start":{"line":30,"column":4},"end":{"line":30,"column":null}},"21":{"start":{"line":32,"column":0},"end":{"line":32,"column":null}}},"fnMap":{"0":{"name":"(anonymous_0)","decl":{"start":{"line":5,"column":21},"end":{"line":5,"column":22}},"loc":{"start":{"line":5,"column":64},"end":{"line":31,"column":1}}}},"branchMap":{"0":{"loc":{"start":{"line":15,"column":12},"end":{"line":17,"column":null}},"type":"if","locations":[{"start":{"line":15,"column":12},"end":{"line":17,"column":null}},{"start":{"line":15,"column":12},"end":{"line":17,"column":null}}]},"1":{"loc":{"start":{"line":23,"column":12},"end":{"line":25,"column":null}},"type":"if","locations":[{"start":{"line":23,"column":12},"end":{"line":25,"column":null}},{"start":{"line":23,"column":12},"end":{"line":25,"column":null}}]}},"s":{"0":1,"1":5,"2":5,"3":5,"4":5,"5":5,"6":11,"7":11,"8":11,"9":141,"10":141,"11":115,"12":141,"13":11,"14":11,"15":11,"16":2284,"17":115,"18":11,"19":11,"20":5,"21":1},"f":{"0":5},"b":{"0":[115,26],"1":[115,2169]}}
,"D:\\personal\\front-end\\project\\ying-datastructures-algorithms\\src\\ts\\sorting\\selectionSort.ts": {"path":"D:\\personal\\front-end\\project\\ying-datastructures-algorithms\\src\\ts\\sorting\\selectionSort.ts","statementMap":{"0":{"start":{"line":2,"column":22},"end":{"line":15,"column":1}},"1":{"start":{"line":3,"column":16},"end":{"line":3,"column":27}},"2":{"start":{"line":5,"column":4},"end":{"line":13,"column":null}},"3":{"start":{"line":5,"column":25},"end":{"line":5,"column":26}},"4":{"start":{"line":6,"column":8},"end":{"line":6,"column":16}},"5":{"start":{"line":7,"column":8},"end":{"line":11,"column":null}},"6":{"start":{"line":7,"column":21},"end":{"line":7,"column":26}},"7":{"start":{"line":8,"column":12},"end":{"line":10,"column":null}},"8":{"start":{"line":9,"column":16},"end":{"line":9,"column":24}},"9":{"start":{"line":12,"column":8},"end":{"line":12,"column":52}},"10":{"start":{"line":14,"column":4},"end":{"line":14,"column":null}},"11":{"start":{"line":16,"column":0},"end":{"line":16,"column":null}}},"fnMap":{"0":{"name":"(anonymous_0)","decl":{"start":{"line":2,"column":22},"end":{"line":2,"column":26}},"loc":{"start":{"line":2,"column":44},"end":{"line":15,"column":1}}}},"branchMap":{"0":{"loc":{"start":{"line":8,"column":12},"end":{"line":10,"column":null}},"type":"if","locations":[{"start":{"line":8,"column":12},"end":{"line":10,"column":null}},{"start":{"line":8,"column":12},"end":{"line":10,"column":null}}]}},"s":{"0":1,"1":5,"2":5,"3":5,"4":50,"5":50,"6":50,"7":308,"8":0,"9":50,"10":5,"11":1},"f":{"0":5},"b":{"0":[0,308]}}
,"D:\\personal\\front-end\\project\\ying-datastructures-algorithms\\src\\ts\\sorting\\shellSort.ts": {"path":"D:\\personal\\front-end\\project\\ying-datastructures-algorithms\\src\\ts\\sorting\\shellSort.ts","statementMap":{"0":{"start":{"line":5,"column":18},"end":{"line":18,"column":1}},"1":{"start":{"line":6,"column":32},"end":{"line":6,"column":41}},"2":{"start":{"line":7,"column":22},"end":{"line":7,"column":33}},"3":{"start":{"line":8,"column":4},"end":{"line":16,"column":null}},"4":{"start":{"line":8,"column":17},"end":{"line":8,"column":18}},"5":{"start":{"line":8,"column":35},"end":{"line":8,"column":46}},"6":{"start":{"line":9,"column":8},"end":{"line":15,"column":null}},"7":{"start":{"line":9,"column":21},"end":{"line":9,"column":28}},"8":{"start":{"line":10,"column":23},"end":{"line":10,"column":30}},"9":{"start":{"line":11,"column":12},"end":{"line":13,"column":null}},"10":{"start":{"line":12,"column":16},"end":{"line":12,"column":null}},"11":{"start":{"line":14,"column":12},"end":{"line":14,"column":null}},"12":{"start":{"line":17,"column":4},"end":{"line":17,"column":null}},"13":{"start":{"line":19,"column":0},"end":{"line":19,"column":null}}},"fnMap":{"0":{"name":"(anonymous_0)","decl":{"start":{"line":5,"column":18},"end":{"line":5,"column":19}},"loc":{"start":{"line":5,"column":61},"end":{"line":18,"column":1}}}},"branchMap":{"0":{"loc":{"start":{"line":11,"column":24},"end":{"line":11,"column":36}},"type":"binary-expr","locations":[{"start":{"line":11,"column":24},"end":{"line":11,"column":36}},{"start":{"line":11,"column":40},"end":{"line":11,"column":67}}]}},"s":{"0":1,"1":5,"2":5,"3":5,"4":5,"5":5,"6":15,"7":15,"8":120,"9":120,"10":0,"11":120,"12":5,"13":1},"f":{"0":5},"b":{"0":[120,120]}}
,"D:\\personal\\front-end\\project\\ying-datastructures-algorithms\\src\\ts\\stack\\stack.ts": {"path":"D:\\personal\\front-end\\project\\ying-datastructures-algorithms\\src\\ts\\stack\\stack.ts","statementMap":{"0":{"start":{"line":6,"column":12},"end":{"line":6,"column":62}},"1":{"start":{"line":8,"column":8},"end":{"line":8,"column":null}},"2":{"start":{"line":11,"column":21},"end":{"line":11,"column":41}},"3":{"start":{"line":12,"column":8},"end":{"line":12,"column":null}},"4":{"start":{"line":15,"column":21},"end":{"line":15,"column":41}},"5":{"start":{"line":16,"column":19},"end":{"line":16,"column":26}},"6":{"start":{"line":17,"column":8},"end":{"line":17,"column":null}},"7":{"start":{"line":20,"column":21},"end":{"line":20,"column":41}},"8":{"start":{"line":21,"column":8},"end":{"line":21,"column":null}},"9":{"start":{"line":24,"column":21},"end":{"line":24,"column":41}},"10":{"start":{"line":25,"column":8},"end":{"line":25,"column":null}},"11":{"start":{"line":28,"column":8},"end":{"line":28,"column":null}},"12":{"start":{"line":31,"column":21},"end":{"line":31,"column":41}},"13":{"start":{"line":32,"column":8},"end":{"line":32,"column":null}},"14":{"start":{"line":35,"column":21},"end":{"line":35,"column":41}},"15":{"start":{"line":36,"column":8},"end":{"line":36,"column":null}},"16":{"start":{"line":5,"column":0},"end":{"line":5,"column":21}}},"fnMap":{"0":{"name":"(anonymous_0)","decl":{"start":{"line":7,"column":4},"end":{"line":7,"column":null}},"loc":{"start":{"line":7,"column":4},"end":{"line":9,"column":5}}},"1":{"name":"(anonymous_1)","decl":{"start":{"line":10,"column":4},"end":{"line":10,"column":8}},"loc":{"start":{"line":10,"column":19},"end":{"line":13,"column":5}}},"2":{"name":"(anonymous_2)","decl":{"start":{"line":14,"column":4},"end":{"line":14,"column":7}},"loc":{"start":{"line":14,"column":7},"end":{"line":18,"column":5}}},"3":{"name":"(anonymous_3)","decl":{"start":{"line":19,"column":4},"end":{"line":19,"column":8}},"loc":{"start":{"line":19,"column":8},"end":{"line":22,"column":5}}},"4":{"name":"(anonymous_4)","decl":{"start":{"line":23,"column":4},"end":{"line":23,"column":11}},"loc":{"start":{"line":23,"column":11},"end":{"line":26,"column":5}}},"5":{"name":"(anonymous_5)","decl":{"start":{"line":27,"column":4},"end":{"line":27,"column":9}},"loc":{"start":{"line":27,"column":9},"end":{"line":29,"column":5}}},"6":{"name":"(anonymous_6)","decl":{"start":{"line":30,"column":4},"end":{"line":30,"column":8}},"loc":{"start":{"line":30,"column":8},"end":{"line":33,"column":5}}},"7":{"name":"(anonymous_7)","decl":{"start":{"line":34,"column":4},"end":{"line":34,"column":9}},"loc":{"start":{"line":34,"column":9},"end":{"line":37,"column":5}}}},"branchMap":{},"s":{"0":10,"1":10,"2":49,"3":49,"4":41,"5":41,"6":41,"7":4,"8":4,"9":23,"10":23,"11":4,"12":30,"13":30,"14":0,"15":0,"16":1},"f":{"0":10,"1":49,"2":41,"3":4,"4":23,"5":4,"6":30,"7":0},"b":{}}
}
