TN:
SF:D:\personal\github\ying-datastructures-algorithms\src\core\node.ts
FN:2,(anonymous_0)
FN:9,(anonymous_1)
FN:24,(anonymous_2)
FN:28,(anonymous_3)
FNF:4
FNH:2
FNDA:39,(anonymous_0)
FNDA:19,(anonymous_1)
FNDA:0,(anonymous_2)
FNDA:0,(anonymous_3)
DA:1,3
DA:2,39
DA:3,39
DA:4,39
DA:8,3
DA:10,19
DA:11,19
DA:12,19
DA:14,19
DA:15,19
DA:16,19
DA:17,19
DA:21,3
DA:24,0
DA:25,0
DA:29,0
LF:16
LH:13
BRF:0
BRH:0
end_of_record
TN:
SF:D:\personal\github\ying-datastructures-algorithms\src\core\utils.ts
FN:8,(anonymous_0)
FN:13,(anonymous_1)
FN:17,(anonymous_2)
FN:21,(anonymous_3)
FN:27,(anonymous_4)
FN:30,(anonymous_5)
FN:40,(anonymous_6)
FN:43,(anonymous_7)
FN:45,(anonymous_8)
FN:46,(anonymous_9)
FNF:10
FNH:3
FNDA:5,(anonymous_0)
FNDA:0,(anonymous_1)
FNDA:0,(anonymous_2)
FNDA:1379,(anonymous_3)
FNDA:0,(anonymous_4)
FNDA:0,(anonymous_5)
FNDA:364,(anonymous_6)
FNDA:0,(anonymous_7)
FNDA:0,(anonymous_8)
FNDA:0,(anonymous_9)
DA:7,5
DA:8,5
DA:9,5
DA:10,5
DA:11,5
DA:13,5
DA:14,0
DA:15,0
DA:17,5
DA:18,0
DA:19,0
DA:21,5
DA:22,1379
DA:23,137
DA:25,1242
DA:27,5
DA:28,0
DA:30,5
DA:31,0
DA:32,0
DA:33,0
DA:34,0
DA:35,0
DA:36,0
DA:38,0
DA:40,5
DA:41,364
DA:43,5
DA:45,0
DA:46,5
DA:47,5
DA:48,5
DA:49,5
DA:56,5
LF:34
LH:21
BRDA:8,0,0,5
BRDA:8,0,1,5
BRDA:15,1,0,0
BRDA:15,1,1,0
BRDA:19,2,0,0
BRDA:19,2,1,0
BRDA:22,3,0,137
BRDA:22,3,1,1242
BRDA:25,4,0,604
BRDA:25,4,1,638
BRDA:31,5,0,0
BRDA:31,5,1,0
BRDA:33,6,0,0
BRDA:33,6,1,0
BRDA:35,7,0,0
BRDA:35,7,1,0
BRDA:35,8,0,0
BRDA:35,8,1,0
BRF:18
BRH:6
end_of_record
TN:
SF:D:\personal\github\ying-datastructures-algorithms\src\core\heap\heap2.ts
FN:12,(anonymous_0)
FN:11,(anonymous_1)
FN:19,(anonymous_2)
FN:24,(anonymous_3)
FN:29,(anonymous_4)
FN:37,(anonymous_5)
FN:42,(anonymous_6)
FN:48,(anonymous_7)
FN:54,(anonymous_8)
FN:60,(anonymous_9)
FN:66,(anonymous_10)
FN:72,(anonymous_11)
FN:80,(anonymous_12)
FN:92,(anonymous_13)
FN:119,(anonymous_14)
FN:128,(anonymous_15)
FN:143,(anonymous_16)
FN:156,(anonymous_17)
FN:181,(anonymous_18)
FN:186,(anonymous_19)
FN:191,(anonymous_20)
FN:196,(anonymous_21)
FN:204,(anonymous_22)
FN:207,(anonymous_23)
FN:214,(anonymous_24)
FN:217,(anonymous_25)
FNF:26
FNH:23
FNDA:18,(anonymous_0)
FNDA:0,(anonymous_1)
FNDA:117,(anonymous_2)
FNDA:56,(anonymous_3)
FNDA:385,(anonymous_4)
FNDA:150,(anonymous_5)
FNDA:73,(anonymous_6)
FNDA:30,(anonymous_7)
FNDA:20,(anonymous_8)
FNDA:20,(anonymous_9)
FNDA:137,(anonymous_10)
FNDA:85,(anonymous_11)
FNDA:67,(anonymous_12)
FNDA:30,(anonymous_13)
FNDA:16,(anonymous_14)
FNDA:20,(anonymous_15)
FNDA:101,(anonymous_16)
FNDA:24,(anonymous_17)
FNDA:0,(anonymous_18)
FNDA:4,(anonymous_19)
FNDA:71,(anonymous_20)
FNDA:0,(anonymous_21)
FNDA:9,(anonymous_22)
FNDA:94,(anonymous_23)
FNDA:8,(anonymous_24)
FNDA:71,(anonymous_25)
DA:2,3
DA:9,3
DA:10,18
DA:11,18
DA:13,18
DA:14,1
DA:16,17
DA:17,17
DA:21,117
DA:26,56
DA:31,385
DA:32,45
DA:34,340
DA:39,150
DA:44,73
DA:45,73
DA:50,30
DA:51,30
DA:56,20
DA:57,20
DA:62,20
DA:63,20
DA:68,137
DA:69,137
DA:74,85
DA:75,85
DA:76,85
DA:77,85
DA:82,67
DA:83,67
DA:84,67
DA:85,346
DA:86,72
DA:89,67
DA:94,30
DA:95,30
DA:99,31
DA:100,31
DA:101,31
DA:102,7
DA:104,24
DA:105,24
DA:106,24
DA:110,8
DA:112,16
DA:116,30
DA:121,16
DA:122,16
DA:123,2
DA:125,14
DA:130,20
DA:131,20
DA:132,2
DA:134,18
DA:135,2
DA:137,16
DA:138,16
DA:139,16
DA:140,16
DA:145,101
DA:146,101
DA:147,101
DA:151,49
DA:152,49
DA:158,24
DA:159,24
DA:160,24
DA:161,24
DA:162,30
DA:169,6
DA:171,24
DA:173,30
DA:174,5
DA:176,25
DA:177,25
DA:183,0
DA:187,4
DA:188,4
DA:192,71
DA:193,71
DA:197,0
DA:198,0
DA:202,3
DA:205,9
DA:208,94
DA:212,3
DA:215,8
DA:218,71
LF:88
LH:85
BRDA:12,0,0,18
BRDA:13,1,0,1
BRDA:13,1,1,17
BRDA:31,2,0,45
BRDA:31,2,1,340
BRDA:80,3,0,6
BRDA:85,4,0,72
BRDA:85,4,1,274
BRDA:92,5,0,28
BRDA:101,6,0,7
BRDA:101,6,1,24
BRDA:106,7,0,8
BRDA:106,7,1,16
BRDA:107,8,0,24
BRDA:107,8,1,8
BRDA:107,8,2,2
BRDA:122,9,0,2
BRDA:122,9,1,14
BRDA:131,10,0,2
BRDA:131,10,1,18
BRDA:134,11,0,2
BRDA:134,11,1,16
BRDA:146,12,0,101
BRDA:146,12,1,87
BRDA:148,13,0,150
BRDA:148,13,1,113
BRDA:156,14,0,16
BRDA:162,15,0,6
BRDA:162,15,1,24
BRDA:163,16,0,30
BRDA:163,16,1,20
BRDA:173,17,0,5
BRDA:173,17,1,25
BRF:33
BRH:33
end_of_record
TN:
SF:D:\personal\github\ying-datastructures-algorithms\src\core\linkedList\circularLinkedList.ts
FN:8,(anonymous_0)
FN:12,(anonymous_1)
FN:27,(anonymous_2)
FN:52,(anonymous_3)
FNF:4
FNH:4
FNDA:13,(anonymous_0)
FNDA:11,(anonymous_1)
FNDA:3,(anonymous_2)
FNDA:7,(anonymous_3)
DA:2,1
DA:3,1
DA:7,1
DA:9,13
DA:13,11
DA:15,11
DA:17,6
DA:19,5
DA:20,5
DA:22,11
DA:23,11
DA:24,11
DA:29,3
DA:30,1
DA:31,1
DA:32,1
DA:33,1
DA:34,1
DA:35,1
DA:37,0
DA:38,0
DA:39,0
DA:40,0
DA:43,0
DA:44,0
DA:45,0
DA:47,1
DA:49,3
DA:53,7
DA:54,4
DA:55,4
DA:56,4
DA:57,2
DA:59,2
DA:60,2
DA:61,2
DA:62,2
DA:63,2
DA:66,0
DA:67,0
DA:68,0
DA:70,4
DA:71,4
DA:73,3
LF:44
LH:34
BRDA:15,0,0,6
BRDA:15,0,1,5
BRDA:29,1,0,1
BRDA:29,1,1,2
BRDA:29,2,0,3
BRDA:29,2,1,3
BRDA:32,3,0,1
BRDA:32,3,1,0
BRDA:33,4,0,1
BRDA:33,4,1,0
BRDA:53,5,0,4
BRDA:53,5,1,3
BRDA:53,6,0,7
BRDA:53,6,1,7
BRDA:55,7,0,4
BRDA:55,7,1,0
BRDA:56,8,0,2
BRDA:56,8,1,2
BRF:18
BRH:15
end_of_record
TN:
SF:D:\personal\github\ying-datastructures-algorithms\src\core\linkedList\doublyLinkedList.ts
FN:11,(anonymous_0)
FN:17,(anonymous_1)
FN:32,(anonymous_2)
FN:70,(anonymous_3)
FN:98,(anonymous_4)
FN:103,(anonymous_5)
FN:117,(anonymous_6)
FNF:7
FNH:7
FNDA:17,(anonymous_0)
FNDA:14,(anonymous_1)
FNDA:6,(anonymous_2)
FNDA:7,(anonymous_3)
FNDA:6,(anonymous_4)
FNDA:12,(anonymous_5)
FNDA:2,(anonymous_6)
DA:2,1
DA:3,1
DA:7,1
DA:12,17
DA:18,14
DA:19,14
DA:21,8
DA:22,8
DA:24,6
DA:25,6
DA:26,6
DA:28,14
DA:29,14
DA:35,6
DA:36,5
DA:37,5
DA:39,5
DA:40,5
DA:41,5
DA:42,3
DA:43,3
DA:45,2
DA:46,2
DA:47,2
DA:49,0
DA:50,0
DA:51,0
DA:52,0
DA:53,0
DA:55,0
DA:56,0
DA:57,0
DA:59,0
DA:60,0
DA:62,0
DA:63,0
DA:65,5
DA:67,6
DA:72,7
DA:73,4
DA:74,4
DA:75,4
DA:76,4
DA:77,2
DA:79,2
DA:81,0
DA:82,0
DA:83,0
DA:84,0
DA:86,0
DA:87,0
DA:88,0
DA:89,0
DA:91,4
DA:92,4
DA:94,3
DA:100,6
DA:105,12
DA:106,4
DA:108,8
DA:109,8
DA:110,8
DA:111,4
DA:112,4
DA:114,8
DA:118,2
DA:119,2
LF:67
LH:47
BRDA:19,0,0,8
BRDA:19,0,1,6
BRDA:35,1,0,5
BRDA:35,1,1,1
BRDA:35,2,0,6
BRDA:35,2,1,6
BRDA:40,3,0,5
BRDA:40,3,1,0
BRDA:41,4,0,3
BRDA:41,4,1,2
BRDA:49,5,0,0
BRDA:49,5,1,0
BRDA:72,6,0,4
BRDA:72,6,1,3
BRDA:72,7,0,7
BRDA:72,7,1,7
BRDA:74,8,0,4
BRDA:74,8,1,0
BRDA:76,9,0,2
BRDA:76,9,1,2
BRDA:81,10,0,0
BRDA:81,10,1,0
BRDA:100,11,0,6
BRDA:100,11,1,3
BRDA:105,12,0,4
BRDA:105,12,1,8
BRF:26
BRH:20
end_of_record
TN:
SF:D:\personal\github\ying-datastructures-algorithms\src\core\linkedList\linkedList.ts
FN:10,(anonymous_0)
FN:15,(anonymous_1)
FN:35,(anonymous_2)
FN:67,(anonymous_3)
FN:79,(anonymous_4)
FN:104,(anonymous_5)
FN:118,(anonymous_6)
FN:124,(anonymous_7)
FN:129,(anonymous_8)
FN:134,(anonymous_9)
FN:139,(anonymous_10)
FN:144,(anonymous_11)
FN:157,(anonymous_12)
FNF:13
FNH:12
FNDA:38,(anonymous_0)
FNDA:8,(anonymous_1)
FNDA:1,(anonymous_2)
FNDA:10,(anonymous_3)
FNDA:4,(anonymous_4)
FNDA:6,(anonymous_5)
FNDA:6,(anonymous_6)
FNDA:6,(anonymous_7)
FNDA:44,(anonymous_8)
FNDA:14,(anonymous_9)
FNDA:5,(anonymous_10)
FNDA:13,(anonymous_11)
FNDA:0,(anonymous_12)
DA:2,3
DA:7,3
DA:8,38
DA:9,38
DA:11,38
DA:12,38
DA:17,8
DA:19,8
DA:21,4
DA:23,4
DA:25,4
DA:26,3
DA:29,4
DA:31,8
DA:32,8
DA:38,1
DA:39,0
DA:41,1
DA:42,1
DA:43,1
DA:44,3
DA:46,1
DA:47,0
DA:48,0
DA:49,0
DA:51,0
DA:52,0
DA:54,0
DA:55,0
DA:56,0
DA:57,0
DA:59,0
DA:60,0
DA:61,0
DA:64,1
DA:69,10
DA:70,7
DA:71,7
DA:72,4
DA:74,7
DA:76,3
DA:82,4
DA:83,1
DA:85,1
DA:87,1
DA:88,1
DA:90,0
DA:91,0
DA:92,0
DA:95,0
DA:97,1
DA:98,1
DA:100,3
DA:106,6
DA:107,6
DA:108,6
DA:109,6
DA:110,6
DA:112,0
DA:113,0
DA:115,0
DA:120,6
DA:121,6
DA:126,6
DA:131,44
DA:136,14
DA:140,5
DA:141,5
DA:145,13
DA:146,5
DA:148,8
DA:149,8
DA:150,8
DA:151,4
DA:152,4
DA:154,8
DA:159,0
LF:77
LH:56
BRDA:19,0,0,4
BRDA:19,0,1,4
BRDA:38,1,0,0
BRDA:38,1,1,1
BRDA:41,2,0,1
BRDA:41,2,1,0
BRDA:47,3,0,0
BRDA:47,3,1,0
BRDA:48,4,0,0
BRDA:48,4,1,0
BRDA:69,5,0,7
BRDA:69,5,1,3
BRDA:69,6,0,10
BRDA:69,6,1,10
BRDA:71,7,0,11
BRDA:71,7,1,4
BRDA:82,8,0,1
BRDA:82,8,1,3
BRDA:82,9,0,4
BRDA:82,9,1,4
BRDA:87,10,0,1
BRDA:87,10,1,0
BRDA:109,11,0,6
BRDA:109,11,1,0
BRDA:136,12,0,14
BRDA:136,12,1,9
BRDA:145,13,0,5
BRDA:145,13,1,8
BRDA:150,14,0,12
BRDA:150,14,1,4
BRF:30
BRH:22
end_of_record
TN:
SF:D:\personal\github\ying-datastructures-algorithms\src\core\queue\deque.ts
FN:7,(anonymous_0)
FN:10,(anonymous_1)
FN:15,(anonymous_2)
FN:20,(anonymous_3)
FN:26,(anonymous_4)
FN:32,(anonymous_5)
FN:37,(anonymous_6)
FN:42,(anonymous_7)
FN:47,(anonymous_8)
FN:51,(anonymous_9)
FN:56,(anonymous_10)
FNF:11
FNH:10
FNDA:10,(anonymous_0)
FNDA:25,(anonymous_1)
FNDA:18,(anonymous_2)
FNDA:10,(anonymous_3)
FNDA:7,(anonymous_4)
FNDA:7,(anonymous_5)
FNDA:7,(anonymous_6)
FNDA:11,(anonymous_7)
FNDA:4,(anonymous_8)
FNDA:18,(anonymous_9)
FNDA:0,(anonymous_10)
DA:5,1
DA:6,10
DA:8,10
DA:12,25
DA:13,25
DA:17,18
DA:18,18
DA:22,10
DA:23,10
DA:24,10
DA:28,7
DA:29,7
DA:30,7
DA:34,7
DA:35,7
DA:39,7
DA:40,7
DA:44,11
DA:45,11
DA:49,4
DA:53,18
DA:54,18
DA:58,0
DA:59,0
LF:24
LH:22
BRF:0
BRH:0
end_of_record
TN:
SF:D:\personal\github\ying-datastructures-algorithms\src\core\queue\priorityQueue.ts
FN:11,(anonymous_0)
FN:24,(anonymous_1)
FN:32,(anonymous_2)
FN:55,(anonymous_3)
FN:61,(anonymous_4)
FN:66,(anonymous_5)
FN:71,(anonymous_6)
FN:76,(anonymous_7)
FN:80,(anonymous_8)
FN:85,(anonymous_9)
FNF:10
FNH:8
FNDA:25,(anonymous_0)
FNDA:8,(anonymous_1)
FNDA:25,(anonymous_2)
FNDA:17,(anonymous_3)
FNDA:7,(anonymous_4)
FNDA:0,(anonymous_5)
FNDA:41,(anonymous_6)
FNDA:4,(anonymous_7)
FNDA:13,(anonymous_8)
FNDA:0,(anonymous_9)
DA:2,1
DA:12,25
DA:13,25
DA:20,1
DA:21,8
DA:28,8
DA:29,8
DA:30,8
DA:34,25
DA:35,25
DA:36,25
DA:37,25
DA:38,9
DA:40,16
DA:41,23
DA:45,0
DA:46,0
DA:47,0
DA:50,16
DA:51,16
DA:57,17
DA:58,17
DA:59,17
DA:63,7
DA:64,7
DA:68,0
DA:69,0
DA:73,41
DA:74,41
DA:78,4
DA:82,13
DA:83,13
DA:87,0
DA:88,0
DA:89,0
LF:35
LH:27
BRDA:25,0,0,8
BRDA:26,1,0,8
BRDA:37,2,0,9
BRDA:37,2,1,16
BRDA:41,3,0,0
BRDA:41,3,1,23
BRDA:50,4,0,16
BRDA:50,4,1,0
BRF:8
BRH:6
end_of_record
TN:
SF:D:\personal\github\ying-datastructures-algorithms\src\core\queue\queue.ts
FN:7,(anonymous_0)
FN:10,(anonymous_1)
FN:15,(anonymous_2)
FN:21,(anonymous_3)
FN:26,(anonymous_4)
FN:31,(anonymous_5)
FN:35,(anonymous_6)
FN:40,(anonymous_7)
FNF:8
FNH:7
FNDA:8,(anonymous_0)
FNDA:25,(anonymous_1)
FNDA:17,(anonymous_2)
FNDA:7,(anonymous_3)
FNDA:16,(anonymous_4)
FNDA:4,(anonymous_5)
FNDA:13,(anonymous_6)
FNDA:0,(anonymous_7)
DA:5,1
DA:6,8
DA:8,8
DA:12,25
DA:13,25
DA:17,17
DA:18,17
DA:19,17
DA:23,7
DA:24,7
DA:28,16
DA:29,16
DA:33,4
DA:37,13
DA:38,13
DA:42,0
DA:43,0
LF:17
LH:15
BRF:0
BRH:0
end_of_record
TN:
SF:D:\personal\github\ying-datastructures-algorithms\src\core\sorting\bubbleSort.ts
FN:3,(anonymous_0)
FNF:1
FNH:1
FNDA:5,(anonymous_0)
DA:2,1
DA:3,1
DA:4,5
DA:5,5
DA:6,50
DA:7,308
DA:8,112
DA:12,5
DA:14,1
LF:9
LH:9
BRDA:3,0,0,5
BRDA:7,1,0,112
BRDA:7,1,1,196
BRF:3
BRH:3
end_of_record
TN:
SF:D:\personal\github\ying-datastructures-algorithms\src\core\sorting\bucketSort.ts
FN:3,(anonymous_0)
FNF:1
FNH:1
FNDA:5,(anonymous_0)
DA:3,1
DA:7,5
DA:8,5
DA:10,5
DA:11,5
DA:12,5
DA:13,55
DA:16,55
DA:17,24
DA:19,55
DA:20,55
DA:21,55
DA:23,205
DA:24,0
DA:29,205
DA:32,5
DA:33,5
DA:34,49
DA:35,24
DA:38,5
DA:40,1
LF:21
LH:20
BRDA:5,0,0,5
BRDA:16,1,0,24
BRDA:16,1,1,31
BRDA:23,2,0,0
BRDA:23,2,1,205
BRDA:34,3,0,24
BRDA:34,3,1,25
BRF:7
BRH:6
end_of_record
TN:
SF:D:\personal\github\ying-datastructures-algorithms\src\core\sorting\cocktailSort.ts
FN:3,(anonymous_0)
FNF:1
FNH:1
FNDA:5,(anonymous_0)
DA:2,1
DA:3,1
DA:5,5
DA:6,5
DA:7,5
DA:8,26
DA:9,167
DA:10,0
DA:13,26
DA:14,26
DA:15,141
DA:16,0
DA:19,26
DA:21,5
DA:23,1
LF:15
LH:13
BRDA:3,0,0,5
BRDA:9,1,0,0
BRDA:9,1,1,167
BRDA:15,2,0,0
BRDA:15,2,1,141
BRF:5
BRH:3
end_of_record
TN:
SF:D:\personal\github\ying-datastructures-algorithms\src\core\sorting\countSort.ts
FN:3,(anonymous_0)
FNF:1
FNH:1
FNDA:5,(anonymous_0)
DA:3,1
DA:4,5
DA:5,5
DA:6,55
DA:7,55
DA:8,5
DA:10,50
DA:13,5
DA:14,5
DA:15,1963
DA:16,50
DA:17,55
DA:18,55
DA:22,5
DA:24,1
LF:15
LH:15
BRDA:7,0,0,5
BRDA:7,0,1,50
BRDA:15,1,0,50
BRDA:15,1,1,1913
BRF:4
BRH:4
end_of_record
TN:
SF:D:\personal\github\ying-datastructures-algorithms\src\core\sorting\heapSort.ts
FN:5,(anonymous_0)
FN:30,(anonymous_1)
FN:46,(anonymous_2)
FNF:3
FNH:3
FNDA:209,(anonymous_0)
FNDA:5,(anonymous_1)
FNDA:5,(anonymous_2)
DA:3,1
DA:5,1
DA:11,209
DA:12,209
DA:13,209
DA:15,209
DA:16,124
DA:19,209
DA:20,58
DA:23,209
DA:24,128
DA:25,128
DA:30,1
DA:34,5
DA:35,31
DA:37,5
DA:46,1
DA:51,5
DA:52,5
DA:53,5
DA:54,50
DA:55,50
DA:57,5
DA:60,1
LF:24
LH:24
BRDA:15,0,0,124
BRDA:15,0,1,85
BRDA:15,1,0,209
BRDA:15,1,1,131
BRDA:19,2,0,58
BRDA:19,2,1,151
BRDA:19,3,0,209
BRDA:19,3,1,114
BRDA:23,4,0,128
BRDA:23,4,1,81
BRDA:48,5,0,5
BRF:11
BRH:11
end_of_record
TN:
SF:D:\personal\github\ying-datastructures-algorithms\src\core\sorting\insertionSort.ts
FN:2,(anonymous_0)
FNF:1
FNH:1
FNDA:5,(anonymous_0)
DA:2,1
DA:3,5
DA:5,5
DA:6,55
DA:7,55
DA:8,55
DA:9,0
DA:10,0
DA:12,55
DA:14,5
DA:16,1
LF:11
LH:9
BRDA:8,0,0,55
BRDA:8,0,1,50
BRF:2
BRH:2
end_of_record
TN:
SF:D:\personal\github\ying-datastructures-algorithms\src\core\sorting\mergeSort.ts
FN:2,(anonymous_0)
FN:14,(anonymous_1)
FNF:2
FNH:2
FNDA:50,(anonymous_0)
FNDA:105,(anonymous_1)
DA:2,1
DA:3,50
DA:4,50
DA:5,95
DA:6,90
DA:8,5
DA:11,50
DA:14,1
DA:15,105
DA:16,55
DA:18,50
DA:19,50
DA:20,50
DA:21,50
DA:23,1
LF:15
LH:15
BRDA:4,0,0,145
BRDA:4,0,1,97
BRDA:5,1,0,90
BRDA:5,1,1,5
BRDA:15,2,0,55
BRDA:15,2,1,50
BRF:6
BRH:6
end_of_record
TN:
SF:D:\personal\github\ying-datastructures-algorithms\src\core\sorting\quickSort.ts
FN:4,(anonymous_0)
FN:22,(anonymous_1)
FNF:2
FNH:2
FNDA:105,(anonymous_0)
FNDA:95,(anonymous_1)
DA:4,1
DA:5,105
DA:6,105
DA:7,55
DA:9,50
DA:10,50
DA:11,50
DA:12,50
DA:13,308
DA:14,308
DA:16,308
DA:17,0
DA:20,50
DA:22,1
DA:23,95
DA:24,95
DA:25,50
DA:27,45
DA:28,45
DA:29,45
DA:30,45
DA:31,45
DA:32,323
DA:33,0
DA:34,323
DA:35,50
DA:37,273
DA:40,45
LF:28
LH:26
BRDA:6,0,0,55
BRDA:6,0,1,50
BRDA:13,1,0,308
BRDA:13,1,1,0
BRDA:16,2,0,0
BRDA:16,2,1,308
BRDA:24,3,0,50
BRDA:24,3,1,45
BRDA:32,4,0,0
BRDA:32,4,1,323
BRDA:34,5,0,50
BRDA:34,5,1,273
BRF:12
BRH:9
end_of_record
TN:
SF:D:\personal\github\ying-datastructures-algorithms\src\core\sorting\radixSort.ts
FN:3,(anonymous_0)
FNF:1
FNH:1
FNDA:5,(anonymous_0)
DA:3,1
DA:4,5
DA:5,5
DA:6,5
DA:7,5
DA:8,5
DA:9,11
DA:11,11
DA:12,141
DA:13,141
DA:14,115
DA:16,141
DA:18,11
DA:20,11
DA:21,2284
DA:22,115
DA:25,11
DA:26,11
DA:28,5
DA:30,1
LF:20
LH:20
BRDA:13,0,0,115
BRDA:13,0,1,26
BRDA:21,1,0,115
BRDA:21,1,1,2169
BRF:4
BRH:4
end_of_record
TN:
SF:D:\personal\github\ying-datastructures-algorithms\src\core\sorting\selectionSort.ts
FN:2,(anonymous_0)
FNF:1
FNH:1
FNDA:5,(anonymous_0)
DA:2,1
DA:3,5
DA:5,5
DA:6,50
DA:7,50
DA:9,308
DA:11,0
DA:14,50
DA:16,5
DA:18,1
LF:10
LH:9
BRDA:9,0,0,0
BRDA:9,0,1,308
BRF:2
BRH:1
end_of_record
TN:
SF:D:\personal\github\ying-datastructures-algorithms\src\core\sorting\shellSort.ts
FN:3,(anonymous_0)
FNF:1
FNH:1
FNDA:5,(anonymous_0)
DA:3,1
DA:4,5
DA:5,5
DA:6,5
DA:7,15
DA:8,120
DA:10,120
DA:15,0
DA:17,120
DA:20,5
DA:22,1
LF:11
LH:10
BRDA:12,0,0,120
BRDA:12,0,1,120
BRF:2
BRH:2
end_of_record
TN:
SF:D:\personal\github\ying-datastructures-algorithms\src\core\stack\stack.ts
FN:7,(anonymous_0)
FN:10,(anonymous_1)
FN:15,(anonymous_2)
FN:21,(anonymous_3)
FN:26,(anonymous_4)
FN:31,(anonymous_5)
FN:35,(anonymous_6)
FN:40,(anonymous_7)
FNF:8
FNH:7
FNDA:10,(anonymous_0)
FNDA:49,(anonymous_1)
FNDA:41,(anonymous_2)
FNDA:4,(anonymous_3)
FNDA:23,(anonymous_4)
FNDA:4,(anonymous_5)
FNDA:30,(anonymous_6)
FNDA:0,(anonymous_7)
DA:5,1
DA:6,10
DA:8,10
DA:12,49
DA:13,49
DA:17,41
DA:18,41
DA:19,41
DA:23,4
DA:24,4
DA:28,23
DA:29,23
DA:33,4
DA:37,30
DA:38,30
DA:42,0
DA:43,0
LF:17
LH:15
BRF:0
BRH:0
end_of_record
