TN:
SF:D:\personal\front-end\project\ying-datastructures-algorithms\src\ts\node.ts
FN:2,(anonymous_0)
FN:9,(anonymous_1)
FN:24,(anonymous_2)
FN:28,(anonymous_3)
FNF:4
FNH:2
FNDA:39,(anonymous_0)
FNDA:19,(anonymous_1)
FNDA:0,(anonymous_2)
FNDA:0,(anonymous_3)
DA:1,3
DA:2,39
DA:3,39
DA:4,39
DA:8,3
DA:10,19
DA:11,19
DA:12,19
DA:14,19
DA:15,19
DA:16,19
DA:17,19
DA:21,3
DA:24,0
DA:25,0
DA:29,0
LF:16
LH:13
BRF:0
BRH:0
end_of_record
TN:
SF:D:\personal\front-end\project\ying-datastructures-algorithms\src\ts\utils.ts
FN:8,(anonymous_0)
FN:13,(anonymous_1)
FN:17,(anonymous_2)
FN:21,(anonymous_3)
FN:27,(anonymous_4)
FN:30,(anonymous_5)
FN:40,(anonymous_6)
FN:43,(anonymous_7)
FN:45,(anonymous_8)
FN:46,(anonymous_9)
FNF:10
FNH:3
FNDA:5,(anonymous_0)
FNDA:0,(anonymous_1)
FNDA:0,(anonymous_2)
FNDA:1379,(anonymous_3)
FNDA:0,(anonymous_4)
FNDA:0,(anonymous_5)
FNDA:364,(anonymous_6)
FNDA:0,(anonymous_7)
FNDA:0,(anonymous_8)
FNDA:0,(anonymous_9)
DA:7,5
DA:8,5
DA:9,5
DA:10,5
DA:11,5
DA:13,5
DA:14,0
DA:15,0
DA:17,5
DA:18,0
DA:19,0
DA:21,5
DA:22,1379
DA:23,137
DA:25,1242
DA:27,5
DA:28,0
DA:30,5
DA:31,0
DA:32,0
DA:33,0
DA:34,0
DA:35,0
DA:36,0
DA:38,0
DA:40,5
DA:41,364
DA:43,5
DA:45,0
DA:46,5
DA:47,5
DA:48,5
DA:49,5
DA:56,5
LF:34
LH:21
BRDA:8,0,0,5
BRDA:8,0,1,5
BRDA:15,1,0,0
BRDA:15,1,1,0
BRDA:19,2,0,0
BRDA:19,2,1,0
BRDA:22,3,0,137
BRDA:22,3,1,1242
BRDA:25,4,0,604
BRDA:25,4,1,638
BRDA:31,5,0,0
BRDA:31,5,1,0
BRDA:33,6,0,0
BRDA:33,6,1,0
BRDA:35,7,0,0
BRDA:35,7,1,0
BRDA:35,8,0,0
BRDA:35,8,1,0
BRF:18
BRH:6
end_of_record
TN:
SF:D:\personal\front-end\project\ying-datastructures-algorithms\src\ts\heap\heap2.ts
FN:16,(anonymous_0)
FN:15,(anonymous_1)
FN:23,(anonymous_2)
FN:27,(anonymous_3)
FN:31,(anonymous_4)
FN:38,(anonymous_5)
FN:42,(anonymous_6)
FN:47,(anonymous_7)
FN:52,(anonymous_8)
FN:57,(anonymous_9)
FN:62,(anonymous_10)
FN:67,(anonymous_11)
FN:74,(anonymous_12)
FN:85,(anonymous_13)
FN:107,(anonymous_14)
FN:115,(anonymous_15)
FN:129,(anonymous_16)
FN:142,(anonymous_17)
FN:169,(anonymous_18)
FN:173,(anonymous_19)
FN:178,(anonymous_20)
FN:183,(anonymous_21)
FN:190,(anonymous_22)
FN:193,(anonymous_23)
FN:199,(anonymous_24)
FN:202,(anonymous_25)
FNF:26
FNH:23
FNDA:18,(anonymous_0)
FNDA:0,(anonymous_1)
FNDA:117,(anonymous_2)
FNDA:56,(anonymous_3)
FNDA:385,(anonymous_4)
FNDA:150,(anonymous_5)
FNDA:73,(anonymous_6)
FNDA:30,(anonymous_7)
FNDA:20,(anonymous_8)
FNDA:20,(anonymous_9)
FNDA:137,(anonymous_10)
FNDA:85,(anonymous_11)
FNDA:67,(anonymous_12)
FNDA:30,(anonymous_13)
FNDA:16,(anonymous_14)
FNDA:20,(anonymous_15)
FNDA:101,(anonymous_16)
FNDA:24,(anonymous_17)
FNDA:0,(anonymous_18)
FNDA:4,(anonymous_19)
FNDA:71,(anonymous_20)
FNDA:0,(anonymous_21)
FNDA:9,(anonymous_22)
FNDA:94,(anonymous_23)
FNDA:8,(anonymous_24)
FNDA:71,(anonymous_25)
DA:2,3
DA:13,3
DA:14,18
DA:15,18
DA:17,18
DA:18,1
DA:20,17
DA:21,17
DA:24,117
DA:28,56
DA:32,385
DA:33,45
DA:35,340
DA:39,150
DA:43,73
DA:44,73
DA:48,30
DA:49,30
DA:53,20
DA:54,20
DA:58,20
DA:59,20
DA:63,137
DA:64,137
DA:68,85
DA:69,85
DA:70,85
DA:71,85
DA:75,67
DA:76,67
DA:77,67
DA:78,346
DA:79,72
DA:82,67
DA:86,30
DA:87,31
DA:88,31
DA:89,31
DA:90,7
DA:92,24
DA:93,24
DA:94,24
DA:98,8
DA:100,16
DA:104,30
DA:108,16
DA:109,16
DA:110,2
DA:112,14
DA:116,20
DA:117,20
DA:118,2
DA:120,18
DA:121,2
DA:123,16
DA:124,16
DA:125,16
DA:126,16
DA:130,101
DA:131,101
DA:132,101
DA:137,49
DA:138,49
DA:143,24
DA:144,24
DA:145,24
DA:146,24
DA:147,30
DA:153,6
DA:155,24
DA:157,30
DA:162,5
DA:164,25
DA:165,25
DA:170,0
DA:174,4
DA:175,4
DA:179,71
DA:180,71
DA:184,0
DA:185,0
DA:189,3
DA:191,9
DA:194,94
DA:198,3
DA:200,8
DA:203,71
LF:87
LH:84
BRDA:16,0,0,18
BRDA:17,1,0,1
BRDA:17,1,1,17
BRDA:32,2,0,45
BRDA:32,2,1,340
BRDA:74,3,0,6
BRDA:78,4,0,72
BRDA:78,4,1,274
BRDA:85,5,0,28
BRDA:89,6,0,7
BRDA:89,6,1,24
BRDA:94,7,0,8
BRDA:94,7,1,16
BRDA:94,8,0,24
BRDA:94,8,1,8
BRDA:94,8,2,2
BRDA:109,9,0,2
BRDA:109,9,1,14
BRDA:117,10,0,2
BRDA:117,10,1,18
BRDA:120,11,0,2
BRDA:120,11,1,16
BRDA:131,12,0,101
BRDA:131,12,1,87
BRDA:132,13,0,150
BRDA:132,13,1,113
BRDA:142,14,0,16
BRDA:147,15,0,6
BRDA:147,15,1,24
BRDA:147,16,0,30
BRDA:147,16,1,20
BRDA:157,17,0,5
BRDA:157,17,1,25
BRF:33
BRH:33
end_of_record
TN:
SF:D:\personal\front-end\project\ying-datastructures-algorithms\src\ts\linkedList\circularLinkedList.ts
FN:10,(anonymous_0)
FN:14,(anonymous_1)
FN:29,(anonymous_2)
FN:54,(anonymous_3)
FNF:4
FNH:4
FNDA:13,(anonymous_0)
FNDA:11,(anonymous_1)
FNDA:3,(anonymous_2)
FNDA:7,(anonymous_3)
DA:2,1
DA:5,1
DA:9,1
DA:11,13
DA:15,11
DA:17,11
DA:19,6
DA:21,5
DA:22,5
DA:24,11
DA:25,11
DA:26,11
DA:31,3
DA:32,1
DA:33,1
DA:34,1
DA:35,1
DA:36,1
DA:37,1
DA:39,0
DA:40,0
DA:41,0
DA:42,0
DA:45,0
DA:46,0
DA:47,0
DA:49,1
DA:51,3
DA:55,7
DA:56,4
DA:57,4
DA:58,4
DA:59,2
DA:61,2
DA:62,2
DA:63,2
DA:64,2
DA:65,2
DA:68,0
DA:69,0
DA:70,0
DA:72,4
DA:73,4
DA:75,3
LF:44
LH:34
BRDA:17,0,0,6
BRDA:17,0,1,5
BRDA:31,1,0,1
BRDA:31,1,1,2
BRDA:31,2,0,3
BRDA:31,2,1,3
BRDA:34,3,0,1
BRDA:34,3,1,0
BRDA:35,4,0,1
BRDA:35,4,1,0
BRDA:55,5,0,4
BRDA:55,5,1,3
BRDA:55,6,0,7
BRDA:55,6,1,7
BRDA:57,7,0,4
BRDA:57,7,1,0
BRDA:58,8,0,2
BRDA:58,8,1,2
BRF:18
BRH:15
end_of_record
TN:
SF:D:\personal\front-end\project\ying-datastructures-algorithms\src\ts\linkedList\doublyLinkedList.ts
FN:13,(anonymous_0)
FN:19,(anonymous_1)
FN:34,(anonymous_2)
FN:72,(anonymous_3)
FN:100,(anonymous_4)
FN:105,(anonymous_5)
FN:119,(anonymous_6)
FNF:7
FNH:7
FNDA:17,(anonymous_0)
FNDA:14,(anonymous_1)
FNDA:6,(anonymous_2)
FNDA:7,(anonymous_3)
FNDA:6,(anonymous_4)
FNDA:12,(anonymous_5)
FNDA:2,(anonymous_6)
DA:2,1
DA:5,1
DA:9,1
DA:14,17
DA:20,14
DA:21,14
DA:23,8
DA:24,8
DA:26,6
DA:27,6
DA:28,6
DA:30,14
DA:31,14
DA:37,6
DA:38,5
DA:39,5
DA:41,5
DA:42,5
DA:43,5
DA:44,3
DA:45,3
DA:47,2
DA:48,2
DA:49,2
DA:51,0
DA:52,0
DA:53,0
DA:54,0
DA:55,0
DA:57,0
DA:58,0
DA:59,0
DA:61,0
DA:62,0
DA:64,0
DA:65,0
DA:67,5
DA:69,6
DA:74,7
DA:75,4
DA:76,4
DA:77,4
DA:78,4
DA:79,2
DA:81,2
DA:83,0
DA:84,0
DA:85,0
DA:86,0
DA:88,0
DA:89,0
DA:90,0
DA:91,0
DA:93,4
DA:94,4
DA:96,3
DA:102,6
DA:107,12
DA:108,4
DA:110,8
DA:111,8
DA:112,8
DA:113,4
DA:114,4
DA:116,8
DA:120,2
DA:121,2
LF:67
LH:47
BRDA:21,0,0,8
BRDA:21,0,1,6
BRDA:37,1,0,5
BRDA:37,1,1,1
BRDA:37,2,0,6
BRDA:37,2,1,6
BRDA:42,3,0,5
BRDA:42,3,1,0
BRDA:43,4,0,3
BRDA:43,4,1,2
BRDA:51,5,0,0
BRDA:51,5,1,0
BRDA:74,6,0,4
BRDA:74,6,1,3
BRDA:74,7,0,7
BRDA:74,7,1,7
BRDA:76,8,0,4
BRDA:76,8,1,0
BRDA:78,9,0,2
BRDA:78,9,1,2
BRDA:83,10,0,0
BRDA:83,10,1,0
BRDA:102,11,0,6
BRDA:102,11,1,3
BRDA:107,12,0,4
BRDA:107,12,1,8
BRF:26
BRH:20
end_of_record
TN:
SF:D:\personal\front-end\project\ying-datastructures-algorithms\src\ts\linkedList\linkedList.ts
FN:12,(anonymous_0)
FN:17,(anonymous_1)
FN:37,(anonymous_2)
FN:69,(anonymous_3)
FN:81,(anonymous_4)
FN:106,(anonymous_5)
FN:120,(anonymous_6)
FN:126,(anonymous_7)
FN:131,(anonymous_8)
FN:136,(anonymous_9)
FN:141,(anonymous_10)
FN:146,(anonymous_11)
FN:159,(anonymous_12)
FNF:13
FNH:12
FNDA:38,(anonymous_0)
FNDA:8,(anonymous_1)
FNDA:1,(anonymous_2)
FNDA:10,(anonymous_3)
FNDA:4,(anonymous_4)
FNDA:6,(anonymous_5)
FNDA:6,(anonymous_6)
FNDA:6,(anonymous_7)
FNDA:44,(anonymous_8)
FNDA:14,(anonymous_9)
FNDA:5,(anonymous_10)
FNDA:13,(anonymous_11)
FNDA:0,(anonymous_12)
DA:2,3
DA:9,3
DA:10,38
DA:11,38
DA:13,38
DA:14,38
DA:19,8
DA:21,8
DA:23,4
DA:25,4
DA:27,4
DA:28,3
DA:31,4
DA:33,8
DA:34,8
DA:40,1
DA:41,0
DA:43,1
DA:44,1
DA:45,1
DA:46,3
DA:48,1
DA:49,0
DA:50,0
DA:51,0
DA:53,0
DA:54,0
DA:56,0
DA:57,0
DA:58,0
DA:59,0
DA:61,0
DA:62,0
DA:63,0
DA:66,1
DA:71,10
DA:72,7
DA:73,7
DA:74,4
DA:76,7
DA:78,3
DA:84,4
DA:85,1
DA:87,1
DA:89,1
DA:90,1
DA:92,0
DA:93,0
DA:94,0
DA:97,0
DA:99,1
DA:100,1
DA:102,3
DA:108,6
DA:109,6
DA:110,6
DA:111,6
DA:112,6
DA:114,0
DA:115,0
DA:117,0
DA:122,6
DA:123,6
DA:128,6
DA:133,44
DA:138,14
DA:142,5
DA:143,5
DA:147,13
DA:148,5
DA:150,8
DA:151,8
DA:152,8
DA:153,4
DA:154,4
DA:156,8
DA:161,0
LF:77
LH:56
BRDA:21,0,0,4
BRDA:21,0,1,4
BRDA:40,1,0,0
BRDA:40,1,1,1
BRDA:43,2,0,1
BRDA:43,2,1,0
BRDA:49,3,0,0
BRDA:49,3,1,0
BRDA:50,4,0,0
BRDA:50,4,1,0
BRDA:71,5,0,7
BRDA:71,5,1,3
BRDA:71,6,0,10
BRDA:71,6,1,10
BRDA:73,7,0,11
BRDA:73,7,1,4
BRDA:84,8,0,1
BRDA:84,8,1,3
BRDA:84,9,0,4
BRDA:84,9,1,4
BRDA:89,10,0,1
BRDA:89,10,1,0
BRDA:111,11,0,6
BRDA:111,11,1,0
BRDA:138,12,0,14
BRDA:138,12,1,9
BRDA:147,13,0,5
BRDA:147,13,1,8
BRDA:152,14,0,12
BRDA:152,14,1,4
BRF:30
BRH:22
end_of_record
TN:
SF:D:\personal\front-end\project\ying-datastructures-algorithms\src\ts\queue\deque.ts
FN:7,(anonymous_0)
FN:10,(anonymous_1)
FN:14,(anonymous_2)
FN:18,(anonymous_3)
FN:23,(anonymous_4)
FN:28,(anonymous_5)
FN:32,(anonymous_6)
FN:36,(anonymous_7)
FN:40,(anonymous_8)
FN:43,(anonymous_9)
FN:47,(anonymous_10)
FNF:11
FNH:10
FNDA:10,(anonymous_0)
FNDA:25,(anonymous_1)
FNDA:18,(anonymous_2)
FNDA:10,(anonymous_3)
FNDA:7,(anonymous_4)
FNDA:7,(anonymous_5)
FNDA:7,(anonymous_6)
FNDA:11,(anonymous_7)
FNDA:4,(anonymous_8)
FNDA:18,(anonymous_9)
FNDA:0,(anonymous_10)
DA:5,1
DA:6,10
DA:8,10
DA:11,25
DA:12,25
DA:15,18
DA:16,18
DA:19,10
DA:20,10
DA:21,10
DA:24,7
DA:25,7
DA:26,7
DA:29,7
DA:30,7
DA:33,7
DA:34,7
DA:37,11
DA:38,11
DA:41,4
DA:44,18
DA:45,18
DA:48,0
DA:49,0
LF:24
LH:22
BRF:0
BRH:0
end_of_record
TN:
SF:D:\personal\front-end\project\ying-datastructures-algorithms\src\ts\queue\priorityQueue.ts
FN:15,(anonymous_0)
FN:28,(anonymous_1)
FN:36,(anonymous_2)
FN:55,(anonymous_3)
FN:60,(anonymous_4)
FN:64,(anonymous_5)
FN:68,(anonymous_6)
FN:72,(anonymous_7)
FN:75,(anonymous_8)
FN:79,(anonymous_9)
FNF:10
FNH:8
FNDA:25,(anonymous_0)
FNDA:8,(anonymous_1)
FNDA:25,(anonymous_2)
FNDA:17,(anonymous_3)
FNDA:7,(anonymous_4)
FNDA:0,(anonymous_5)
FNDA:41,(anonymous_6)
FNDA:4,(anonymous_7)
FNDA:13,(anonymous_8)
FNDA:0,(anonymous_9)
DA:2,1
DA:16,25
DA:17,25
DA:24,1
DA:25,8
DA:32,8
DA:33,8
DA:34,8
DA:37,25
DA:38,25
DA:39,25
DA:40,25
DA:41,9
DA:43,16
DA:44,23
DA:45,0
DA:46,0
DA:47,0
DA:50,16
DA:51,16
DA:56,17
DA:57,17
DA:58,17
DA:61,7
DA:62,7
DA:65,0
DA:66,0
DA:69,41
DA:70,41
DA:73,4
DA:76,13
DA:77,13
DA:80,0
DA:81,0
DA:82,0
LF:35
LH:27
BRDA:29,0,0,8
BRDA:30,1,0,8
BRDA:40,2,0,9
BRDA:40,2,1,16
BRDA:44,3,0,0
BRDA:44,3,1,23
BRDA:50,4,0,16
BRDA:50,4,1,0
BRF:8
BRH:6
end_of_record
TN:
SF:D:\personal\front-end\project\ying-datastructures-algorithms\src\ts\queue\queue.ts
FN:7,(anonymous_0)
FN:10,(anonymous_1)
FN:15,(anonymous_2)
FN:21,(anonymous_3)
FN:26,(anonymous_4)
FN:31,(anonymous_5)
FN:35,(anonymous_6)
FN:40,(anonymous_7)
FNF:8
FNH:7
FNDA:8,(anonymous_0)
FNDA:25,(anonymous_1)
FNDA:17,(anonymous_2)
FNDA:7,(anonymous_3)
FNDA:16,(anonymous_4)
FNDA:4,(anonymous_5)
FNDA:13,(anonymous_6)
FNDA:0,(anonymous_7)
DA:5,1
DA:6,8
DA:8,8
DA:12,25
DA:13,25
DA:17,17
DA:18,17
DA:19,17
DA:23,7
DA:24,7
DA:28,16
DA:29,16
DA:33,4
DA:37,13
DA:38,13
DA:42,0
DA:43,0
LF:17
LH:15
BRF:0
BRH:0
end_of_record
TN:
SF:D:\personal\front-end\project\ying-datastructures-algorithms\src\ts\sorting\bubbleSort.ts
FN:7,(anonymous_0)
FNF:1
FNH:1
FNDA:5,(anonymous_0)
DA:2,1
DA:7,1
DA:8,5
DA:9,5
DA:10,50
DA:11,308
DA:12,112
DA:16,5
DA:18,1
LF:9
LH:9
BRDA:7,0,0,5
BRDA:11,1,0,112
BRDA:11,1,1,196
BRF:3
BRH:3
end_of_record
TN:
SF:D:\personal\front-end\project\ying-datastructures-algorithms\src\ts\sorting\bucketSort.ts
FN:5,(anonymous_0)
FNF:1
FNH:1
FNDA:5,(anonymous_0)
DA:5,1
DA:6,5
DA:7,5
DA:8,5
DA:9,5
DA:10,5
DA:11,55
DA:12,55
DA:13,24
DA:15,55
DA:16,55
DA:17,55
DA:18,205
DA:19,0
DA:21,205
DA:24,5
DA:25,5
DA:26,49
DA:27,24
DA:30,5
DA:32,1
LF:21
LH:20
BRDA:5,0,0,5
BRDA:12,1,0,24
BRDA:12,1,1,31
BRDA:18,2,0,0
BRDA:18,2,1,205
BRDA:26,3,0,24
BRDA:26,3,1,25
BRF:7
BRH:6
end_of_record
TN:
SF:D:\personal\front-end\project\ying-datastructures-algorithms\src\ts\sorting\cocktailSort.ts
FN:7,(anonymous_0)
FNF:1
FNH:1
FNDA:5,(anonymous_0)
DA:2,1
DA:7,1
DA:8,5
DA:9,5
DA:10,26
DA:11,167
DA:12,0
DA:15,26
DA:16,26
DA:17,141
DA:18,0
DA:21,26
DA:23,5
DA:25,1
LF:14
LH:12
BRDA:7,0,0,5
BRDA:11,1,0,0
BRDA:11,1,1,167
BRDA:17,2,0,0
BRDA:17,2,1,141
BRF:5
BRH:3
end_of_record
TN:
SF:D:\personal\front-end\project\ying-datastructures-algorithms\src\ts\sorting\countSort.ts
FN:5,(anonymous_0)
FNF:1
FNH:1
FNDA:5,(anonymous_0)
DA:5,1
DA:6,5
DA:7,5
DA:8,55
DA:9,55
DA:10,5
DA:12,50
DA:15,5
DA:16,5
DA:17,1963
DA:18,50
DA:19,55
DA:20,55
DA:24,5
DA:26,1
LF:15
LH:15
BRDA:9,0,0,5
BRDA:9,0,1,50
BRDA:17,1,0,50
BRDA:17,1,1,1913
BRF:4
BRH:4
end_of_record
TN:
SF:D:\personal\front-end\project\ying-datastructures-algorithms\src\ts\sorting\heapSort.ts
FN:11,(anonymous_0)
FN:31,(anonymous_1)
FN:44,(anonymous_2)
FNF:3
FNH:3
FNDA:209,(anonymous_0)
FNDA:5,(anonymous_1)
FNDA:5,(anonymous_2)
DA:6,1
DA:11,1
DA:12,209
DA:13,209
DA:14,209
DA:16,209
DA:17,124
DA:20,209
DA:21,58
DA:24,209
DA:25,128
DA:26,128
DA:31,1
DA:32,5
DA:33,31
DA:35,5
DA:44,1
DA:45,5
DA:46,5
DA:47,5
DA:48,50
DA:49,50
DA:51,5
DA:54,1
LF:24
LH:24
BRDA:16,0,0,124
BRDA:16,0,1,85
BRDA:16,1,0,209
BRDA:16,1,1,131
BRDA:20,2,0,58
BRDA:20,2,1,151
BRDA:20,3,0,209
BRDA:20,3,1,114
BRDA:24,4,0,128
BRDA:24,4,1,81
BRDA:44,5,0,5
BRF:11
BRH:11
end_of_record
TN:
SF:D:\personal\front-end\project\ying-datastructures-algorithms\src\ts\sorting\insertionSort.ts
FN:2,(anonymous_0)
FNF:1
FNH:1
FNDA:5,(anonymous_0)
DA:2,1
DA:3,5
DA:5,5
DA:6,55
DA:7,55
DA:8,55
DA:9,0
DA:10,0
DA:12,55
DA:14,5
DA:16,1
LF:11
LH:9
BRDA:8,0,0,55
BRDA:8,0,1,50
BRF:2
BRH:2
end_of_record
TN:
SF:D:\personal\front-end\project\ying-datastructures-algorithms\src\ts\sorting\mergeSort.ts
FN:2,(anonymous_0)
FN:14,(anonymous_1)
FNF:2
FNH:2
FNDA:50,(anonymous_0)
FNDA:105,(anonymous_1)
DA:2,1
DA:3,50
DA:4,50
DA:5,95
DA:6,90
DA:8,5
DA:11,50
DA:14,1
DA:15,105
DA:16,55
DA:18,50
DA:19,50
DA:20,50
DA:21,50
DA:23,1
LF:15
LH:15
BRDA:4,0,0,145
BRDA:4,0,1,97
BRDA:5,1,0,90
BRDA:5,1,1,5
BRDA:15,2,0,55
BRDA:15,2,1,50
BRF:6
BRH:6
end_of_record
TN:
SF:D:\personal\front-end\project\ying-datastructures-algorithms\src\ts\sorting\quickSort.ts
FN:6,(anonymous_0)
FN:24,(anonymous_1)
FNF:2
FNH:2
FNDA:105,(anonymous_0)
FNDA:95,(anonymous_1)
DA:6,1
DA:7,105
DA:8,105
DA:9,55
DA:11,50
DA:12,50
DA:13,50
DA:14,50
DA:15,308
DA:16,308
DA:18,308
DA:19,0
DA:22,50
DA:24,1
DA:25,95
DA:26,95
DA:27,50
DA:29,45
DA:30,45
DA:31,45
DA:32,45
DA:33,45
DA:34,323
DA:35,0
DA:36,323
DA:37,50
DA:39,273
DA:42,45
LF:28
LH:26
BRDA:8,0,0,55
BRDA:8,0,1,50
BRDA:15,1,0,308
BRDA:15,1,1,0
BRDA:18,2,0,0
BRDA:18,2,1,308
BRDA:26,3,0,50
BRDA:26,3,1,45
BRDA:34,4,0,0
BRDA:34,4,1,323
BRDA:36,5,0,50
BRDA:36,5,1,273
BRF:12
BRH:9
end_of_record
TN:
SF:D:\personal\front-end\project\ying-datastructures-algorithms\src\ts\sorting\radixSort.ts
FN:5,(anonymous_0)
FNF:1
FNH:1
FNDA:5,(anonymous_0)
DA:5,1
DA:6,5
DA:7,5
DA:8,5
DA:9,5
DA:10,5
DA:11,11
DA:13,11
DA:14,141
DA:15,141
DA:16,115
DA:18,141
DA:20,11
DA:22,11
DA:23,2284
DA:24,115
DA:27,11
DA:28,11
DA:30,5
DA:32,1
LF:20
LH:20
BRDA:15,0,0,115
BRDA:15,0,1,26
BRDA:23,1,0,115
BRDA:23,1,1,2169
BRF:4
BRH:4
end_of_record
TN:
SF:D:\personal\front-end\project\ying-datastructures-algorithms\src\ts\sorting\selectionSort.ts
FN:2,(anonymous_0)
FNF:1
FNH:1
FNDA:5,(anonymous_0)
DA:2,1
DA:3,5
DA:5,5
DA:6,50
DA:7,50
DA:8,308
DA:9,0
DA:12,50
DA:14,5
DA:16,1
LF:10
LH:9
BRDA:8,0,0,0
BRDA:8,0,1,308
BRF:2
BRH:1
end_of_record
TN:
SF:D:\personal\front-end\project\ying-datastructures-algorithms\src\ts\sorting\shellSort.ts
FN:5,(anonymous_0)
FNF:1
FNH:1
FNDA:5,(anonymous_0)
DA:5,1
DA:6,5
DA:7,5
DA:8,5
DA:9,15
DA:10,120
DA:11,120
DA:12,0
DA:14,120
DA:17,5
DA:19,1
LF:11
LH:10
BRDA:11,0,0,120
BRDA:11,0,1,120
BRF:2
BRH:2
end_of_record
TN:
SF:D:\personal\front-end\project\ying-datastructures-algorithms\src\ts\stack\stack.ts
FN:7,(anonymous_0)
FN:10,(anonymous_1)
FN:14,(anonymous_2)
FN:19,(anonymous_3)
FN:23,(anonymous_4)
FN:27,(anonymous_5)
FN:30,(anonymous_6)
FN:34,(anonymous_7)
FNF:8
FNH:7
FNDA:10,(anonymous_0)
FNDA:49,(anonymous_1)
FNDA:41,(anonymous_2)
FNDA:4,(anonymous_3)
FNDA:23,(anonymous_4)
FNDA:4,(anonymous_5)
FNDA:30,(anonymous_6)
FNDA:0,(anonymous_7)
DA:5,1
DA:6,10
DA:8,10
DA:11,49
DA:12,49
DA:15,41
DA:16,41
DA:17,41
DA:20,4
DA:21,4
DA:24,23
DA:25,23
DA:28,4
DA:31,30
DA:32,30
DA:35,0
DA:36,0
LF:17
LH:15
BRF:0
BRH:0
end_of_record
